This is pdfTeX, Version 3.141592653-2.6-1.40.22 (TeX Live 2022/dev/Debian) (preloaded format=pdflatex 2024.3.15)  23 APR 2025 15:48
entering extended mode
 restricted \write18 enabled.
 %&-line parsing enabled.
**thesis.tex
(./thesis.tex
LaTeX2e <2021-11-15> patch level 1
L3 programming layer <2022-01-21> (./Classes/PhDThesisPSnPDF.cls

LaTeX Warning: You have requested document class `Classes/PhDThesisPSnPDF',
               but the document class provides `PhDThesisPSnPDF'.

Document Class: PhDThesisPSnPDF 2018/04/12 A PhD thesis class file by Krishna K
umar (v2.4)
https://github.com/kks32/phd-thesis-template/

Class PhDThesisPSnPDF Warning: Bibliography selection conflict: A bibliography 
style aleady specified. Please check the document class options in case you hav
e defined two bibliography styles. on input line 238.

(/usr/share/texlive/texmf-dist/tex/latex/base/book.cls
Document Class: book 2021/10/04 v1.4n Standard LaTeX document class
(/usr/share/texlive/texmf-dist/tex/latex/base/bk12.clo
File: bk12.clo 2021/10/04 v1.4n Standard LaTeX file (size option)
)
\c@part=\count185
\c@chapter=\count186
\c@section=\count187
\c@subsection=\count188
\c@subsubsection=\count189
\c@paragraph=\count190
\c@subparagraph=\count191
\c@figure=\count192
\c@table=\count193
\abovecaptionskip=\skip47
\belowcaptionskip=\skip48
\bibindent=\dimen138
)
(/usr/share/texlive/texmf-dist/tex/latex/graphics/lscape.sty
Package: lscape 2020/05/28 v3.02 Landscape Pages (DPC)

(/usr/share/texlive/texmf-dist/tex/latex/graphics/graphics.sty
Package: graphics 2021/03/04 v1.4d Standard LaTeX Graphics (DPC,SPQR)

(/usr/share/texlive/texmf-dist/tex/latex/graphics/trig.sty
Package: trig 2021/08/11 v1.11 sin cos tan (DPC)
)
(/usr/share/texlive/texmf-dist/tex/latex/graphics-cfg/graphics.cfg
File: graphics.cfg 2016/06/04 v1.11 sample graphics configuration
)
Package graphics Info: Driver file: pdftex.def on input line 107.

(/usr/share/texlive/texmf-dist/tex/latex/graphics-def/pdftex.def
File: pdftex.def 2020/10/05 v1.2a Graphics/color driver for pdftex
)))
(/usr/share/texlive/texmf-dist/tex/latex/setspace/setspace.sty
Package: setspace 2011/12/19 v6.7a set line spacing
)
(/usr/share/texlive/texmf-dist/tex/latex/tools/calc.sty
Package: calc 2017/05/25 v4.3 Infix arithmetic (KKT,FJ)
\calc@Acount=\count194
\calc@Bcount=\count195
\calc@Adimen=\dimen139
\calc@Bdimen=\dimen140
\calc@Askip=\skip49
\calc@Bskip=\skip50
LaTeX Info: Redefining \setlength on input line 80.
LaTeX Info: Redefining \addtolength on input line 81.
\calc@Ccount=\count196
\calc@Cskip=\skip51
)
(/usr/share/texlive/texmf-dist/tex/latex/base/ifthen.sty
Package: ifthen 2020/11/24 v1.1c Standard LaTeX ifthen package (DPC)
)
(/usr/share/texlive/texmf-dist/tex/generic/iftex/ifpdf.sty
Package: ifpdf 2019/10/25 v3.4 ifpdf legacy package. Use iftex instead.

(/usr/share/texlive/texmf-dist/tex/generic/iftex/iftex.sty
Package: iftex 2020/03/06 v1.0d TeX engine tests
))
(/usr/share/texlive/texmf-dist/tex/generic/iftex/ifxetex.sty
Package: ifxetex 2019/10/25 v0.7 ifxetex legacy package. Use iftex instead.
)
(/usr/share/texlive/texmf-dist/tex/latex/tocbibind/tocbibind.sty
Package: tocbibind 2010/10/13 v1.5k extra ToC listings
Package tocbibind Info: The document has chapter divisions on input line 50.


Package tocbibind Note: Using chapter style headings, unless overridden.

) (/usr/share/texlive/texmf-dist/tex/latex/appendix/appendix.sty
Package: appendix 2020/02/08 v1.2c extra appendix facilities
\c@@pps=\count197
\c@@ppsavesec=\count198
\c@@ppsaveapp=\count199
)
(/usr/share/texlive/texmf-dist/tex/latex/graphics/color.sty
Package: color 2021/12/07 v1.3c Standard LaTeX Color (DPC)

(/usr/share/texlive/texmf-dist/tex/latex/graphics-cfg/color.cfg
File: color.cfg 2016/01/02 v1.6 sample color configuration
)
Package color Info: Driver file: pdftex.def on input line 149.

(/usr/share/texlive/texmf-dist/tex/latex/graphics/dvipsnam.def
File: dvipsnam.def 2016/06/17 v3.0m Driver-dependent file (DPC,SPQR)
))
(/usr/share/texlive/texmf-dist/tex/latex/epstopdf-pkg/epstopdf.sty
Package: epstopdf 2020-01-24 v2.11 Conversion with epstopdf on the fly (HO)

(/usr/share/texlive/texmf-dist/tex/generic/infwarerr/infwarerr.sty
Package: infwarerr 2019/12/03 v1.5 Providing info/warning/error messages (HO)
)
(/usr/share/texlive/texmf-dist/tex/latex/grfext/grfext.sty
Package: grfext 2019/12/03 v1.3 Manage graphics extensions (HO)

(/usr/share/texlive/texmf-dist/tex/generic/kvdefinekeys/kvdefinekeys.sty
Package: kvdefinekeys 2019-12-19 v1.6 Define keys (HO)
))
(/usr/share/texlive/texmf-dist/tex/latex/kvoptions/kvoptions.sty
Package: kvoptions 2020-10-07 v3.14 Key value format for package options (HO)

(/usr/share/texlive/texmf-dist/tex/latex/graphics/keyval.sty
Package: keyval 2014/10/28 v1.15 key=value parser (DPC)
\KV@toks@=\toks16
)
(/usr/share/texlive/texmf-dist/tex/generic/ltxcmds/ltxcmds.sty
Package: ltxcmds 2020-05-10 v1.25 LaTeX kernel commands for general use (HO)
)
(/usr/share/texlive/texmf-dist/tex/generic/kvsetkeys/kvsetkeys.sty
Package: kvsetkeys 2019/12/15 v1.18 Key value parser (HO)
))
(/usr/share/texlive/texmf-dist/tex/generic/pdftexcmds/pdftexcmds.sty
Package: pdftexcmds 2020-06-27 v0.33 Utility functions of pdfTeX for LuaTeX (HO
)
Package pdftexcmds Info: \pdf@primitive is available.
Package pdftexcmds Info: \pdf@ifprimitive is available.
Package pdftexcmds Info: \pdfdraftmode found.
)
(/usr/share/texlive/texmf-dist/tex/latex/epstopdf-pkg/epstopdf-base.sty
Package: epstopdf-base 2020-01-24 v2.11 Base part for package epstopdf
Package epstopdf-base Info: Redefining graphics rule for `.eps' on input line 4
85.
Package grfext Info: Graphics extension search list:
(grfext)             [.pdf,.png,.jpg,.mps,.jpeg,.jbig2,.jb2,.PDF,.PNG,.JPG,.JPE
G,.JBIG2,.JB2,.eps]
(grfext)             \AppendGraphicsExtensions on input line 504.

(/usr/share/texlive/texmf-dist/tex/latex/latexconfig/epstopdf-sys.cfg
File: epstopdf-sys.cfg 2010/07/13 v1.3 Configuration of (r)epstopdf for TeX Liv
e
)))
(/usr/share/texlive/texmf-dist/tex/latex/graphics/graphicx.sty
Package: graphicx 2021/09/16 v1.2d Enhanced LaTeX Graphics (DPC,SPQR)
\Gin@req@height=\dimen141
\Gin@req@width=\dimen142
)
(/usr/share/texlive/texmf-dist/tex/latex/datetime/datetime.sty
Package: datetime 2015/03/20 v2.60 Date Time Package

(/usr/share/texlive/texmf-dist/tex/latex/etoolbox/etoolbox.sty
Package: etoolbox 2020/10/05 v2.5k e-TeX tools for LaTeX (JAW)
\etb@tempcnta=\count266
)
(/usr/share/texlive/texmf-dist/tex/latex/fmtcount/fmtcount.sty
Package: fmtcount 2020/01/30 v3.07

(/usr/share/texlive/texmf-dist/tex/latex/xkeyval/xkeyval.sty
Package: xkeyval 2020/11/20 v2.8 package option processing (HA)

(/usr/share/texlive/texmf-dist/tex/generic/xkeyval/xkeyval.tex
(/usr/share/texlive/texmf-dist/tex/generic/xkeyval/xkvutils.tex
\XKV@toks=\toks17
\XKV@tempa@toks=\toks18
)
\XKV@depth=\count267
File: xkeyval.tex 2014/12/03 v2.7a key=value parser (HA)
))
(/usr/share/texlive/texmf-dist/tex/latex/fmtcount/fcprefix.sty
Package: fcprefix 2012/09/28

(/usr/share/texlive/texmf-dist/tex/latex/fmtcount/fcnumparser.sty
Package: fcnumparser 2017/06/15
\fc@digit@counter=\count268
))
(/usr/share/texlive/texmf-dist/tex/latex/amsmath/amsgen.sty
File: amsgen.sty 1999/11/30 v2.0 generic functions
\@emptytoks=\toks19
\ex@=\dimen143
)
\c@padzeroesN=\count269
\fc@tmpcatcode=\count270
\@DT@modctr=\count271
\@ordinalctr=\count272
\@orgargctr=\count273
\@strctr=\count274
\@tmpstrctr=\count275
\@DT@loopN=\count276
\@DT@X=\count277
)
(/usr/share/texlive/texmf-dist/tex/latex/datetime/datetime-defaults.sty
Package: datetime-defaults 2013/09/10
)
\@day=\count278
\@month=\count279
\@year=\count280
\c@HOUR=\count281
\c@HOURXII=\count282
\c@MINUTE=\count283
\c@TOHOUR=\count284
\c@TOMINUTE=\count285
\c@SECOND=\count286
\currenthour=\count287
\currentminute=\count288
\currentsecond=\count289
Package datetime Info: No datetime.cfg file found, using default settings on in
put line 308.
\@dtctr=\count290
\dayofyear=\count291
\dayofweek=\count292
LaTeX Info: Redefining \today on input line 736.
\dt@a=\toks20
\dt@b=\toks21
)
\PHD@hour=\count293
\PHD@minute=\count294

(/usr/share/texlive/texmf-dist/tex/latex/natbib/natbib.sty
Package: natbib 2010/09/13 8.31b (PWD, AO)
\bibhang=\skip52
\bibsep=\skip53
LaTeX Info: Redefining \cite on input line 694.
\c@NAT@ctr=\count295
)
(/usr/share/texlive/texmf-dist/tex/latex/base/textcomp.sty
Package: textcomp 2020/02/02 v2.0n Standard LaTeX package
)
(/usr/share/texlive/texmf-dist/tex/latex/psnfss/mathptmx.sty
Package: mathptmx 2020/03/25 PSNFSS-v9.3 Times w/ Math, improved (SPQR, WaS) 
LaTeX Font Info:    Redeclaring symbol font `operators' on input line 28.
LaTeX Font Info:    Overwriting symbol font `operators' in version `normal'
(Font)                  OT1/cmr/m/n --> OT1/ztmcm/m/n on input line 28.
LaTeX Font Info:    Overwriting symbol font `operators' in version `bold'
(Font)                  OT1/cmr/bx/n --> OT1/ztmcm/m/n on input line 28.
LaTeX Font Info:    Redeclaring symbol font `letters' on input line 29.
LaTeX Font Info:    Overwriting symbol font `letters' in version `normal'
(Font)                  OML/cmm/m/it --> OML/ztmcm/m/it on input line 29.
LaTeX Font Info:    Overwriting symbol font `letters' in version `bold'
(Font)                  OML/cmm/b/it --> OML/ztmcm/m/it on input line 29.
LaTeX Font Info:    Redeclaring symbol font `symbols' on input line 30.
LaTeX Font Info:    Overwriting symbol font `symbols' in version `normal'
(Font)                  OMS/cmsy/m/n --> OMS/ztmcm/m/n on input line 30.
LaTeX Font Info:    Overwriting symbol font `symbols' in version `bold'
(Font)                  OMS/cmsy/b/n --> OMS/ztmcm/m/n on input line 30.
LaTeX Font Info:    Redeclaring symbol font `largesymbols' on input line 31.
LaTeX Font Info:    Overwriting symbol font `largesymbols' in version `normal'
(Font)                  OMX/cmex/m/n --> OMX/ztmcm/m/n on input line 31.
LaTeX Font Info:    Overwriting symbol font `largesymbols' in version `bold'
(Font)                  OMX/cmex/m/n --> OMX/ztmcm/m/n on input line 31.
\symbold=\mathgroup4
\symitalic=\mathgroup5
LaTeX Font Info:    Redeclaring math alphabet \mathbf on input line 34.
LaTeX Font Info:    Overwriting math alphabet `\mathbf' in version `normal'
(Font)                  OT1/cmr/bx/n --> OT1/ptm/bx/n on input line 34.
LaTeX Font Info:    Overwriting math alphabet `\mathbf' in version `bold'
(Font)                  OT1/cmr/bx/n --> OT1/ptm/bx/n on input line 34.
LaTeX Font Info:    Redeclaring math alphabet \mathit on input line 35.
LaTeX Font Info:    Overwriting math alphabet `\mathit' in version `normal'
(Font)                  OT1/cmr/m/it --> OT1/ptm/m/it on input line 35.
LaTeX Font Info:    Overwriting math alphabet `\mathit' in version `bold'
(Font)                  OT1/cmr/bx/it --> OT1/ptm/m/it on input line 35.
LaTeX Info: Redefining \hbar on input line 50.
)
PhDThesisPSnPDF: Using Times Roman font
(/usr/share/texlive/texmf-dist/tex/latex/base/inputenc.sty
Package: inputenc 2021/02/14 v1.3d Input encoding file
\inpenc@prehook=\toks22
\inpenc@posthook=\toks23
)
(/usr/share/texlive/texmf-dist/tex/latex/base/fontenc.sty
Package: fontenc 2021/04/29 v2.0v Standard LaTeX package
LaTeX Font Info:    Trying to load font information for T1+ptm on input line 11
2.

(/usr/share/texlive/texmf-dist/tex/latex/psnfss/t1ptm.fd
File: t1ptm.fd 2001/06/04 font definitions for T1/ptm.
))
(/usr/share/texlive/texmf-dist/tex/latex/microtype/microtype.sty
Package: microtype 2021/12/10 v3.0b Micro-typographical refinements (RS)
\MT@toks=\toks24
\MT@count=\count296
\MT@tempbox=\box50
LaTeX Info: Redefining \leftprotrusion on input line 1010.
LaTeX Info: Redefining \rightprotrusion on input line 1018.
LaTeX Info: Redefining \textls on input line 1173.
\MT@outer@kern=\dimen144
LaTeX Info: Redefining \textmicrotypecontext on input line 1759.
\MT@listname@count=\count297

(/usr/share/texlive/texmf-dist/tex/latex/microtype/microtype-pdftex.def
File: microtype-pdftex.def 2021/12/10 v3.0b Definitions specific to pdftex (RS)

LaTeX Info: Redefining \lsstyle on input line 897.
LaTeX Info: Redefining \lslig on input line 897.
\MT@outer@space=\skip54
)
Package microtype Info: Loading configuration file microtype.cfg.

(/usr/share/texlive/texmf-dist/tex/latex/microtype/microtype.cfg
File: microtype.cfg 2021/12/10 v3.0b microtype main configuration file (RS)
))
(/usr/share/texlive/texmf-dist/tex/generic/pdftex/glyphtounicode.tex)
(/usr/share/texlive/texmf-dist/tex/latex/amsfonts/amsfonts.sty
Package: amsfonts 2013/01/14 v3.01 Basic AMSFonts support
\symAMSa=\mathgroup6
\symAMSb=\mathgroup7
LaTeX Font Info:    Overwriting math alphabet `\mathfrak' in version `bold'
(Font)                  U/euf/m/n --> U/euf/b/n on input line 106.
)
(/usr/share/texlive/texmf-dist/tex/latex/amsmath/amsmath.sty
Package: amsmath 2021/10/15 v2.17l AMS math features
\@mathmargin=\skip55

For additional information on amsmath, use the `?' option.
(/usr/share/texlive/texmf-dist/tex/latex/amsmath/amstext.sty
Package: amstext 2021/08/26 v2.01 AMS text
)
(/usr/share/texlive/texmf-dist/tex/latex/amsmath/amsbsy.sty
Package: amsbsy 1999/11/29 v1.2d Bold Symbols
\pmbraise@=\dimen145
)
(/usr/share/texlive/texmf-dist/tex/latex/amsmath/amsopn.sty
Package: amsopn 2021/08/26 v2.02 operator names
)
\inf@bad=\count298
LaTeX Info: Redefining \frac on input line 234.
\uproot@=\count299
\leftroot@=\count300
LaTeX Info: Redefining \overline on input line 399.
\classnum@=\count301
\DOTSCASE@=\count302
LaTeX Info: Redefining \ldots on input line 496.
LaTeX Info: Redefining \dots on input line 499.
LaTeX Info: Redefining \cdots on input line 620.
\Mathstrutbox@=\box51
\strutbox@=\box52
\big@size=\dimen146
LaTeX Font Info:    Redeclaring font encoding OML on input line 743.
LaTeX Font Info:    Redeclaring font encoding OMS on input line 744.
\macc@depth=\count303
\c@MaxMatrixCols=\count304
\dotsspace@=\muskip16
\c@parentequation=\count305
\dspbrk@lvl=\count306
\tag@help=\toks25
\row@=\count307
\column@=\count308
\maxfields@=\count309
\andhelp@=\toks26
\eqnshift@=\dimen147
\alignsep@=\dimen148
\tagshift@=\dimen149
\tagwidth@=\dimen150
\totwidth@=\dimen151
\lineht@=\dimen152
\@envbody=\toks27
\multlinegap=\skip56
\multlinetaggap=\skip57
\mathdisplay@stack=\toks28
LaTeX Info: Redefining \[ on input line 2938.
LaTeX Info: Redefining \] on input line 2939.
)
(/usr/share/texlive/texmf-dist/tex/latex/amsfonts/amssymb.sty
Package: amssymb 2013/01/14 v3.01 AMS font symbols
)
(/usr/share/texlive/texmf-dist/tex/latex/hyperref/hyperref.sty
Package: hyperref 2021-06-07 v7.00m Hypertext links for LaTeX

(/usr/share/texlive/texmf-dist/tex/generic/pdfescape/pdfescape.sty
Package: pdfescape 2019/12/09 v1.15 Implements pdfTeX's escape features (HO)
)
(/usr/share/texlive/texmf-dist/tex/latex/hycolor/hycolor.sty
Package: hycolor 2020-01-27 v1.10 Color options for hyperref/bookmark (HO)
)
(/usr/share/texlive/texmf-dist/tex/latex/letltxmacro/letltxmacro.sty
Package: letltxmacro 2019/12/03 v1.6 Let assignment for LaTeX macros (HO)
)
(/usr/share/texlive/texmf-dist/tex/latex/auxhook/auxhook.sty
Package: auxhook 2019-12-17 v1.6 Hooks for auxiliary files (HO)
)
\@linkdim=\dimen153
\Hy@linkcounter=\count310
\Hy@pagecounter=\count311

(/usr/share/texlive/texmf-dist/tex/latex/hyperref/pd1enc.def
File: pd1enc.def 2021-06-07 v7.00m Hyperref: PDFDocEncoding definition (HO)
Now handling font encoding PD1 ...
... no UTF-8 mapping file for font encoding PD1
)
(/usr/share/texlive/texmf-dist/tex/latex/hyperref/hyperref-langpatches.def
File: hyperref-langpatches.def 2021-06-07 v7.00m Hyperref: patches for babel la
nguages
)
(/usr/share/texlive/texmf-dist/tex/generic/intcalc/intcalc.sty
Package: intcalc 2019/12/15 v1.3 Expandable calculations with integers (HO)
)
(/usr/share/texlive/texmf-dist/tex/generic/etexcmds/etexcmds.sty
Package: etexcmds 2019/12/15 v1.7 Avoid name clashes with e-TeX commands (HO)
)
\Hy@SavedSpaceFactor=\count312

(/usr/share/texlive/texmf-dist/tex/latex/hyperref/puenc.def
File: puenc.def 2021-06-07 v7.00m Hyperref: PDF Unicode definition (HO)
Now handling font encoding PU ...
... no UTF-8 mapping file for font encoding PU
)
Package hyperref Info: Option `unicode' set `true' on input line 4073.
Package hyperref Info: Hyper figures OFF on input line 4192.
Package hyperref Info: Link nesting OFF on input line 4197.
Package hyperref Info: Hyper index ON on input line 4200.
Package hyperref Info: Plain pages OFF on input line 4207.
Package hyperref Info: Backreferencing OFF on input line 4212.
Package hyperref Info: Implicit mode ON; LaTeX internals redefined.
Package hyperref Info: Bookmarks ON on input line 4445.
\c@Hy@tempcnt=\count313

(/usr/share/texlive/texmf-dist/tex/latex/url/url.sty
\Urlmuskip=\muskip17
Package: url 2013/09/16  ver 3.4  Verb mode for urls, etc.
)
LaTeX Info: Redefining \url on input line 4804.
\XeTeXLinkMargin=\dimen154

(/usr/share/texlive/texmf-dist/tex/generic/bitset/bitset.sty
Package: bitset 2019/12/09 v1.3 Handle bit-vector datatype (HO)

(/usr/share/texlive/texmf-dist/tex/generic/bigintcalc/bigintcalc.sty
Package: bigintcalc 2019/12/15 v1.5 Expandable calculations on big integers (HO
)
))
\Fld@menulength=\count314
\Field@Width=\dimen155
\Fld@charsize=\dimen156
Package hyperref Info: Hyper figures OFF on input line 6076.
Package hyperref Info: Link nesting OFF on input line 6081.
Package hyperref Info: Hyper index ON on input line 6084.
Package hyperref Info: backreferencing OFF on input line 6091.
Package hyperref Info: Link coloring OFF on input line 6096.
Package hyperref Info: Link coloring with OCG OFF on input line 6101.
Package hyperref Info: PDF/A mode OFF on input line 6106.
LaTeX Info: Redefining \ref on input line 6146.
LaTeX Info: Redefining \pageref on input line 6150.

(/usr/share/texlive/texmf-dist/tex/latex/base/atbegshi-ltx.sty
Package: atbegshi-ltx 2021/01/10 v1.0c Emulation of the original atbegshi
package with kernel methods
)
\Hy@abspage=\count315
\c@Item=\count316
\c@Hfootnote=\count317
)
Package hyperref Info: Driver (autodetected): hpdftex.

(/usr/share/texlive/texmf-dist/tex/latex/hyperref/hpdftex.def
File: hpdftex.def 2021-06-07 v7.00m Hyperref driver for pdfTeX

(/usr/share/texlive/texmf-dist/tex/latex/base/atveryend-ltx.sty
Package: atveryend-ltx 2020/08/19 v1.0a Emulation of the original atveryend pac
kage
with kernel methods
)
\Fld@listcount=\count318
\c@bookmark@seq@number=\count319

(/usr/share/texlive/texmf-dist/tex/latex/rerunfilecheck/rerunfilecheck.sty
Package: rerunfilecheck 2019/12/05 v1.9 Rerun checks for auxiliary files (HO)

(/usr/share/texlive/texmf-dist/tex/generic/uniquecounter/uniquecounter.sty
Package: uniquecounter 2019/12/15 v1.4 Provide unlimited unique counter (HO)
)
Package uniquecounter Info: New unique counter `rerunfilecheck' on input line 2
86.
)
\Hy@SectionHShift=\skip58
)
Package hyperref Info: Option `final' set `true' on input line 622.
Package hyperref Info: Option `plainpages' set `false' on input line 622.
Package hyperref Info: Option `pdftoolbar' set `true' on input line 622.
Package hyperref Info: Option `pdfmenubar' set `true' on input line 622.
Package hyperref Info: Option `bookmarksopen' set `true' on input line 622.
Package hyperref Info: Option `bookmarksnumbered' set `true' on input line 622.

Package hyperref Info: Option `breaklinks' set `true' on input line 622.
Package hyperref Info: Option `linktocpage' set `true' on input line 622.
Package hyperref Info: Option `colorlinks' set `true' on input line 622.

PhDThesisPSnPDF: The University identity guidelines recommend using left aligne
d text. Please use `flushleft' in the documentclass option, if you wish to left
 align your text (/usr/share/texlive/texmf-dist/tex/latex/fancyhdr/fancyhdr.sty
Package: fancyhdr 2021/01/28 v4.0.1 Extensive control of page headers and foote
rs
\f@nch@headwidth=\skip59
\f@nch@O@elh=\skip60
\f@nch@O@erh=\skip61
\f@nch@O@olh=\skip62
\f@nch@O@orh=\skip63
\f@nch@O@elf=\skip64
\f@nch@O@erf=\skip65
\f@nch@O@olf=\skip66
\f@nch@O@orf=\skip67
) (/usr/share/texlive/texmf-dist/tex/latex/nomencl/nomencl.sty
Package: nomencl 2021/11/10 v5.6 Nomenclature package

(/usr/share/texlive/texmf-dist/tex/latex/koma-script/tocbasic.sty
Package: tocbasic 2021/11/13 v3.35 KOMA-Script package (handling toc-files)

(/usr/share/texlive/texmf-dist/tex/latex/koma-script/scrbase.sty
Package: scrbase 2021/11/13 v3.35 KOMA-Script package (KOMA-Script-independent 
basics and keyval usage)

(/usr/share/texlive/texmf-dist/tex/latex/koma-script/scrlfile.sty
Package: scrlfile 2021/11/13 v3.35 KOMA-Script package (file load hooks)

(/usr/share/texlive/texmf-dist/tex/latex/koma-script/scrlfile-hook.sty
Package: scrlfile-hook 2021/11/13 v3.35 KOMA-Script package (using LaTeX hooks)


(/usr/share/texlive/texmf-dist/tex/latex/koma-script/scrlogo.sty
Package: scrlogo 2021/11/13 v3.35 KOMA-Script package (logo)
)))
Applying: [2021/05/01] Usage of raw or classic option list on input line 252.
Already applied: [0000/00/00] Usage of raw or classic option list on input line
 368.
)
\scr@dte@tocline@numberwidth=\skip68
\scr@dte@tocline@numbox=\box53
)
Package tocbasic Info: babel extension for `nlo' omitted
(tocbasic)             because of missing \bbl@set@language on input line 187.
Package tocbasic Info: babel extension for `nls' omitted
(tocbasic)             because of missing \bbl@set@language on input line 188.
\nomlabelwidth=\dimen157
\nom@tempdim=\dimen158
\nomitemsep=\skip69
)
\@nomenclaturefile=\write3
\openout3 = `thesis.nlo'.

Package nomencl Info: Writing nomenclature file thesis.nlo on input line 1045.

(/usr/share/texlive/texmf-dist/tex/latex/base/makeidx.sty
Package: makeidx 2021/10/04 v1.0m Standard LaTeX package
)
\@indexfile=\write4
\openout4 = `thesis.idx'.


Writing index file thesis.idx
) (/usr/share/texlive/texmf-dist/tex/latex/placeins/placeins.sty
Package: placeins 2005/04/18  v 2.2
)
(/usr/share/texlive/texmf-dist/tex/latex/multirow/multirow.sty
Package: multirow 2021/03/15 v2.8 Span multiple rows of a table
\multirow@colwidth=\skip70
\multirow@cntb=\count320
\multirow@dima=\skip71
\bigstrutjot=\dimen159
)
(/usr/share/texlive/texmf-dist/tex/latex/comment/comment.sty
\CommentStream=\write5

Excluding comment 'comment')
(/usr/share/texlive/texmf-dist/tex/latex/tocloft/tocloft.sty
Package: tocloft 2017/08/31 v2.3i parameterised ToC, etc., typesetting
Package tocloft Info: The document has chapter divisions on input line 51.
\cftparskip=\skip72
\cftbeforetoctitleskip=\skip73
\cftaftertoctitleskip=\skip74
\cftbeforepartskip=\skip75
\cftpartnumwidth=\skip76
\cftpartindent=\skip77
\cftbeforechapskip=\skip78
\cftchapindent=\skip79
\cftchapnumwidth=\skip80
\cftbeforesecskip=\skip81
\cftsecindent=\skip82
\cftsecnumwidth=\skip83
\cftbeforesubsecskip=\skip84
\cftsubsecindent=\skip85
\cftsubsecnumwidth=\skip86
\cftbeforesubsubsecskip=\skip87
\cftsubsubsecindent=\skip88
\cftsubsubsecnumwidth=\skip89
\cftbeforeparaskip=\skip90
\cftparaindent=\skip91
\cftparanumwidth=\skip92
\cftbeforesubparaskip=\skip93
\cftsubparaindent=\skip94
\cftsubparanumwidth=\skip95
\cftbeforeloftitleskip=\skip96
\cftafterloftitleskip=\skip97
\cftbeforefigskip=\skip98
\cftfigindent=\skip99
\cftfignumwidth=\skip100
\c@lofdepth=\count321
\c@lotdepth=\count322
\cftbeforelottitleskip=\skip101
\cftafterlottitleskip=\skip102
\cftbeforetabskip=\skip103
\cfttabindent=\skip104
\cfttabnumwidth=\skip105
)
(/usr/share/texlive/texmf-dist/tex/latex/pgf/frontendlayer/tikz.sty
(/usr/share/texlive/texmf-dist/tex/latex/pgf/basiclayer/pgf.sty
(/usr/share/texlive/texmf-dist/tex/latex/pgf/utilities/pgfrcs.sty
(/usr/share/texlive/texmf-dist/tex/generic/pgf/utilities/pgfutil-common.tex
\pgfutil@everybye=\toks29
\pgfutil@tempdima=\dimen160
\pgfutil@tempdimb=\dimen161

(/usr/share/texlive/texmf-dist/tex/generic/pgf/utilities/pgfutil-common-lists.t
ex)) (/usr/share/texlive/texmf-dist/tex/generic/pgf/utilities/pgfutil-latex.def
\pgfutil@abb=\box54
) (/usr/share/texlive/texmf-dist/tex/generic/pgf/utilities/pgfrcs.code.tex
(/usr/share/texlive/texmf-dist/tex/generic/pgf/pgf.revision.tex)
Package: pgfrcs 2021/05/15 v3.1.9a (3.1.9a)
))
Package: pgf 2021/05/15 v3.1.9a (3.1.9a)

(/usr/share/texlive/texmf-dist/tex/latex/pgf/basiclayer/pgfcore.sty
(/usr/share/texlive/texmf-dist/tex/latex/pgf/systemlayer/pgfsys.sty
(/usr/share/texlive/texmf-dist/tex/generic/pgf/systemlayer/pgfsys.code.tex
Package: pgfsys 2021/05/15 v3.1.9a (3.1.9a)

(/usr/share/texlive/texmf-dist/tex/generic/pgf/utilities/pgfkeys.code.tex
\pgfkeys@pathtoks=\toks30
\pgfkeys@temptoks=\toks31

(/usr/share/texlive/texmf-dist/tex/generic/pgf/utilities/pgfkeysfiltered.code.t
ex
\pgfkeys@tmptoks=\toks32
))
\pgf@x=\dimen162
\pgf@y=\dimen163
\pgf@xa=\dimen164
\pgf@ya=\dimen165
\pgf@xb=\dimen166
\pgf@yb=\dimen167
\pgf@xc=\dimen168
\pgf@yc=\dimen169
\pgf@xd=\dimen170
\pgf@yd=\dimen171
\w@pgf@writea=\write6
\r@pgf@reada=\read2
\c@pgf@counta=\count323
\c@pgf@countb=\count324
\c@pgf@countc=\count325
\c@pgf@countd=\count326
\t@pgf@toka=\toks33
\t@pgf@tokb=\toks34
\t@pgf@tokc=\toks35
\pgf@sys@id@count=\count327
 (/usr/share/texlive/texmf-dist/tex/generic/pgf/systemlayer/pgf.cfg
File: pgf.cfg 2021/05/15 v3.1.9a (3.1.9a)
)
Driver file for pgf: pgfsys-pdftex.def

(/usr/share/texlive/texmf-dist/tex/generic/pgf/systemlayer/pgfsys-pdftex.def
File: pgfsys-pdftex.def 2021/05/15 v3.1.9a (3.1.9a)

(/usr/share/texlive/texmf-dist/tex/generic/pgf/systemlayer/pgfsys-common-pdf.de
f
File: pgfsys-common-pdf.def 2021/05/15 v3.1.9a (3.1.9a)
)))
(/usr/share/texlive/texmf-dist/tex/generic/pgf/systemlayer/pgfsyssoftpath.code.
tex
File: pgfsyssoftpath.code.tex 2021/05/15 v3.1.9a (3.1.9a)
\pgfsyssoftpath@smallbuffer@items=\count328
\pgfsyssoftpath@bigbuffer@items=\count329
)
(/usr/share/texlive/texmf-dist/tex/generic/pgf/systemlayer/pgfsysprotocol.code.
tex
File: pgfsysprotocol.code.tex 2021/05/15 v3.1.9a (3.1.9a)
)) (/usr/share/texlive/texmf-dist/tex/latex/xcolor/xcolor.sty
Package: xcolor 2021/10/31 v2.13 LaTeX color extensions (UK)

(/usr/share/texlive/texmf-dist/tex/latex/graphics-cfg/color.cfg
File: color.cfg 2016/01/02 v1.6 sample color configuration
)
Package xcolor Info: Driver file: pdftex.def on input line 227.
LaTeX Info: Redefining \color on input line 711.
Package xcolor Info: Model `cmy' substituted by `cmy0' on input line 1352.
Package xcolor Info: Model `hsb' substituted by `rgb' on input line 1356.
Package xcolor Info: Model `RGB' extended on input line 1368.
Package xcolor Info: Model `HTML' substituted by `rgb' on input line 1370.
Package xcolor Info: Model `Hsb' substituted by `hsb' on input line 1371.
Package xcolor Info: Model `tHsb' substituted by `hsb' on input line 1372.
Package xcolor Info: Model `HSB' substituted by `hsb' on input line 1373.
Package xcolor Info: Model `Gray' substituted by `gray' on input line 1374.
Package xcolor Info: Model `wave' substituted by `hsb' on input line 1375.
)
(/usr/share/texlive/texmf-dist/tex/generic/pgf/basiclayer/pgfcore.code.tex
Package: pgfcore 2021/05/15 v3.1.9a (3.1.9a)

(/usr/share/texlive/texmf-dist/tex/generic/pgf/math/pgfmath.code.tex
(/usr/share/texlive/texmf-dist/tex/generic/pgf/math/pgfmathcalc.code.tex
(/usr/share/texlive/texmf-dist/tex/generic/pgf/math/pgfmathutil.code.tex)
(/usr/share/texlive/texmf-dist/tex/generic/pgf/math/pgfmathparser.code.tex
\pgfmath@dimen=\dimen172
\pgfmath@count=\count330
\pgfmath@box=\box55
\pgfmath@toks=\toks36
\pgfmath@stack@operand=\toks37
\pgfmath@stack@operation=\toks38
)
(/usr/share/texlive/texmf-dist/tex/generic/pgf/math/pgfmathfunctions.code.tex
(/usr/share/texlive/texmf-dist/tex/generic/pgf/math/pgfmathfunctions.basic.code
.tex)
(/usr/share/texlive/texmf-dist/tex/generic/pgf/math/pgfmathfunctions.trigonomet
ric.code.tex)
(/usr/share/texlive/texmf-dist/tex/generic/pgf/math/pgfmathfunctions.random.cod
e.tex)
(/usr/share/texlive/texmf-dist/tex/generic/pgf/math/pgfmathfunctions.comparison
.code.tex)
(/usr/share/texlive/texmf-dist/tex/generic/pgf/math/pgfmathfunctions.base.code.
tex)
(/usr/share/texlive/texmf-dist/tex/generic/pgf/math/pgfmathfunctions.round.code
.tex)
(/usr/share/texlive/texmf-dist/tex/generic/pgf/math/pgfmathfunctions.misc.code.
tex)
(/usr/share/texlive/texmf-dist/tex/generic/pgf/math/pgfmathfunctions.integerari
thmetics.code.tex)))
(/usr/share/texlive/texmf-dist/tex/generic/pgf/math/pgfmathfloat.code.tex
\c@pgfmathroundto@lastzeros=\count331
))
(/usr/share/texlive/texmf-dist/tex/generic/pgf/math/pgfint.code.tex)
(/usr/share/texlive/texmf-dist/tex/generic/pgf/basiclayer/pgfcorepoints.code.te
x
File: pgfcorepoints.code.tex 2021/05/15 v3.1.9a (3.1.9a)
\pgf@picminx=\dimen173
\pgf@picmaxx=\dimen174
\pgf@picminy=\dimen175
\pgf@picmaxy=\dimen176
\pgf@pathminx=\dimen177
\pgf@pathmaxx=\dimen178
\pgf@pathminy=\dimen179
\pgf@pathmaxy=\dimen180
\pgf@xx=\dimen181
\pgf@xy=\dimen182
\pgf@yx=\dimen183
\pgf@yy=\dimen184
\pgf@zx=\dimen185
\pgf@zy=\dimen186
)
(/usr/share/texlive/texmf-dist/tex/generic/pgf/basiclayer/pgfcorepathconstruct.
code.tex
File: pgfcorepathconstruct.code.tex 2021/05/15 v3.1.9a (3.1.9a)
\pgf@path@lastx=\dimen187
\pgf@path@lasty=\dimen188
)
(/usr/share/texlive/texmf-dist/tex/generic/pgf/basiclayer/pgfcorepathusage.code
.tex
File: pgfcorepathusage.code.tex 2021/05/15 v3.1.9a (3.1.9a)
\pgf@shorten@end@additional=\dimen189
\pgf@shorten@start@additional=\dimen190
)
(/usr/share/texlive/texmf-dist/tex/generic/pgf/basiclayer/pgfcorescopes.code.te
x
File: pgfcorescopes.code.tex 2021/05/15 v3.1.9a (3.1.9a)
\pgfpic=\box56
\pgf@hbox=\box57
\pgf@layerbox@main=\box58
\pgf@picture@serial@count=\count332
)
(/usr/share/texlive/texmf-dist/tex/generic/pgf/basiclayer/pgfcoregraphicstate.c
ode.tex
File: pgfcoregraphicstate.code.tex 2021/05/15 v3.1.9a (3.1.9a)
\pgflinewidth=\dimen191
)
(/usr/share/texlive/texmf-dist/tex/generic/pgf/basiclayer/pgfcoretransformation
s.code.tex
File: pgfcoretransformations.code.tex 2021/05/15 v3.1.9a (3.1.9a)
\pgf@pt@x=\dimen192
\pgf@pt@y=\dimen193
\pgf@pt@temp=\dimen194
)
(/usr/share/texlive/texmf-dist/tex/generic/pgf/basiclayer/pgfcorequick.code.tex
File: pgfcorequick.code.tex 2021/05/15 v3.1.9a (3.1.9a)
)
(/usr/share/texlive/texmf-dist/tex/generic/pgf/basiclayer/pgfcoreobjects.code.t
ex
File: pgfcoreobjects.code.tex 2021/05/15 v3.1.9a (3.1.9a)
)
(/usr/share/texlive/texmf-dist/tex/generic/pgf/basiclayer/pgfcorepathprocessing
.code.tex
File: pgfcorepathprocessing.code.tex 2021/05/15 v3.1.9a (3.1.9a)
)
(/usr/share/texlive/texmf-dist/tex/generic/pgf/basiclayer/pgfcorearrows.code.te
x
File: pgfcorearrows.code.tex 2021/05/15 v3.1.9a (3.1.9a)
\pgfarrowsep=\dimen195
)
(/usr/share/texlive/texmf-dist/tex/generic/pgf/basiclayer/pgfcoreshade.code.tex
File: pgfcoreshade.code.tex 2021/05/15 v3.1.9a (3.1.9a)
\pgf@max=\dimen196
\pgf@sys@shading@range@num=\count333
\pgf@shadingcount=\count334
)
(/usr/share/texlive/texmf-dist/tex/generic/pgf/basiclayer/pgfcoreimage.code.tex
File: pgfcoreimage.code.tex 2021/05/15 v3.1.9a (3.1.9a)

(/usr/share/texlive/texmf-dist/tex/generic/pgf/basiclayer/pgfcoreexternal.code.
tex
File: pgfcoreexternal.code.tex 2021/05/15 v3.1.9a (3.1.9a)
\pgfexternal@startupbox=\box59
))
(/usr/share/texlive/texmf-dist/tex/generic/pgf/basiclayer/pgfcorelayers.code.te
x
File: pgfcorelayers.code.tex 2021/05/15 v3.1.9a (3.1.9a)
)
(/usr/share/texlive/texmf-dist/tex/generic/pgf/basiclayer/pgfcoretransparency.c
ode.tex
File: pgfcoretransparency.code.tex 2021/05/15 v3.1.9a (3.1.9a)
)
(/usr/share/texlive/texmf-dist/tex/generic/pgf/basiclayer/pgfcorepatterns.code.
tex
File: pgfcorepatterns.code.tex 2021/05/15 v3.1.9a (3.1.9a)
)
(/usr/share/texlive/texmf-dist/tex/generic/pgf/basiclayer/pgfcorerdf.code.tex
File: pgfcorerdf.code.tex 2021/05/15 v3.1.9a (3.1.9a)
)))
(/usr/share/texlive/texmf-dist/tex/generic/pgf/modules/pgfmoduleshapes.code.tex
File: pgfmoduleshapes.code.tex 2021/05/15 v3.1.9a (3.1.9a)
\pgfnodeparttextbox=\box60
) (/usr/share/texlive/texmf-dist/tex/generic/pgf/modules/pgfmoduleplot.code.tex
File: pgfmoduleplot.code.tex 2021/05/15 v3.1.9a (3.1.9a)
)
(/usr/share/texlive/texmf-dist/tex/latex/pgf/compatibility/pgfcomp-version-0-65
.sty
Package: pgfcomp-version-0-65 2021/05/15 v3.1.9a (3.1.9a)
\pgf@nodesepstart=\dimen197
\pgf@nodesepend=\dimen198
)
(/usr/share/texlive/texmf-dist/tex/latex/pgf/compatibility/pgfcomp-version-1-18
.sty
Package: pgfcomp-version-1-18 2021/05/15 v3.1.9a (3.1.9a)
)) (/usr/share/texlive/texmf-dist/tex/latex/pgf/utilities/pgffor.sty
(/usr/share/texlive/texmf-dist/tex/latex/pgf/utilities/pgfkeys.sty
(/usr/share/texlive/texmf-dist/tex/generic/pgf/utilities/pgfkeys.code.tex))
(/usr/share/texlive/texmf-dist/tex/latex/pgf/math/pgfmath.sty
(/usr/share/texlive/texmf-dist/tex/generic/pgf/math/pgfmath.code.tex))
(/usr/share/texlive/texmf-dist/tex/generic/pgf/utilities/pgffor.code.tex
Package: pgffor 2021/05/15 v3.1.9a (3.1.9a)

(/usr/share/texlive/texmf-dist/tex/generic/pgf/math/pgfmath.code.tex)
\pgffor@iter=\dimen199
\pgffor@skip=\dimen256
\pgffor@stack=\toks39
\pgffor@toks=\toks40
))
(/usr/share/texlive/texmf-dist/tex/generic/pgf/frontendlayer/tikz/tikz.code.tex
Package: tikz 2021/05/15 v3.1.9a (3.1.9a)

(/usr/share/texlive/texmf-dist/tex/generic/pgf/libraries/pgflibraryplothandlers
.code.tex
File: pgflibraryplothandlers.code.tex 2021/05/15 v3.1.9a (3.1.9a)
\pgf@plot@mark@count=\count335
\pgfplotmarksize=\dimen257
)
\tikz@lastx=\dimen258
\tikz@lasty=\dimen259
\tikz@lastxsaved=\dimen260
\tikz@lastysaved=\dimen261
\tikz@lastmovetox=\dimen262
\tikz@lastmovetoy=\dimen263
\tikzleveldistance=\dimen264
\tikzsiblingdistance=\dimen265
\tikz@figbox=\box61
\tikz@figbox@bg=\box62
\tikz@tempbox=\box63
\tikz@tempbox@bg=\box64
\tikztreelevel=\count336
\tikznumberofchildren=\count337
\tikznumberofcurrentchild=\count338
\tikz@fig@count=\count339

(/usr/share/texlive/texmf-dist/tex/generic/pgf/modules/pgfmodulematrix.code.tex
File: pgfmodulematrix.code.tex 2021/05/15 v3.1.9a (3.1.9a)
\pgfmatrixcurrentrow=\count340
\pgfmatrixcurrentcolumn=\count341
\pgf@matrix@numberofcolumns=\count342
)
\tikz@expandcount=\count343

(/usr/share/texlive/texmf-dist/tex/generic/pgf/frontendlayer/tikz/libraries/tik
zlibrarytopaths.code.tex
File: tikzlibrarytopaths.code.tex 2021/05/15 v3.1.9a (3.1.9a)
)))
(/usr/share/texlive/texmf-dist/tex/latex/wrapfig/wrapfig.sty
\wrapoverhang=\dimen266
\WF@size=\dimen267
\c@WF@wrappedlines=\count344
\WF@box=\box65
\WF@everypar=\toks41
Package: wrapfig 2003/01/31  v 3.6
)
(/usr/share/texlive/texmf-dist/tex/latex/ragged2e/ragged2e.sty
Package: ragged2e 2021/12/15 v3.1 ragged2e Package
\CenteringLeftskip=\skip106
\RaggedLeftLeftskip=\skip107
\RaggedRightLeftskip=\skip108
\CenteringRightskip=\skip109
\RaggedLeftRightskip=\skip110
\RaggedRightRightskip=\skip111
\CenteringParfillskip=\skip112
\RaggedLeftParfillskip=\skip113
\RaggedRightParfillskip=\skip114
\JustifyingParfillskip=\skip115
\CenteringParindent=\skip116
\RaggedLeftParindent=\skip117
\RaggedRightParindent=\skip118
\JustifyingParindent=\skip119
)
(/usr/share/texlive/texmf-dist/tex/latex/capt-of/capt-of.sty
Package: capt-of 2009/12/29 v0.2 standard captions outside of floats
)
(/usr/share/texlive/texmf-dist/tex/latex/float/float.sty
Package: float 2001/11/08 v1.3d Float enhancements (AL)
\c@float@type=\count345
\float@exts=\toks42
\float@box=\box66
\@float@everytoks=\toks43
\@floatcapt=\box67
)
(/usr/share/texlive/texmf-dist/tex/latex/lineno/lineno.sty
Package: lineno 2005/11/02 line numbers on paragraphs v4.41
\linenopenalty=\count346
\output=\toks44
\linenoprevgraf=\count347
\linenumbersep=\dimen268
\linenumberwidth=\dimen269
\c@linenumber=\count348
\c@pagewiselinenumber=\count349
\c@LN@truepage=\count350
\c@internallinenumber=\count351
\c@internallinenumbers=\count352
\quotelinenumbersep=\dimen270
\bframerule=\dimen271
\bframesep=\dimen272
\bframebox=\box68
LaTeX Info: Redefining \\ on input line 3056.
)
(/usr/share/texlive/texmf-dist/tex/latex/pgfplots/pgfplots.sty
(/usr/share/texlive/texmf-dist/tex/generic/pgfplots/pgfplots.revision.tex)
Package: pgfplots 2021/05/15 v1.18.1 Data Visualization (1.18.1)

(/usr/share/texlive/texmf-dist/tex/generic/pgfplots/pgfplots.code.tex
(/usr/share/texlive/texmf-dist/tex/generic/pgfplots/pgfplotscore.code.tex
\t@pgfplots@toka=\toks45
\t@pgfplots@tokb=\toks46
\t@pgfplots@tokc=\toks47
\pgfplots@tmpa=\dimen273
\c@pgfplots@coordindex=\count353
\c@pgfplots@scanlineindex=\count354

(/usr/share/texlive/texmf-dist/tex/generic/pgfplots/sys/pgfplotssysgeneric.code
.tex))
(/usr/share/texlive/texmf-dist/tex/generic/pgfplots/libs/pgfplotslibrary.code.t
ex)
(/usr/share/texlive/texmf-dist/tex/generic/pgfplots/oldpgfcompatib/pgfplotsoldp
gfsupp_loader.code.tex
(/usr/share/texlive/texmf-dist/tex/generic/pgf/libraries/pgflibraryfpu.code.tex
))
(/usr/share/texlive/texmf-dist/tex/generic/pgfplots/util/pgfplotsutil.code.tex
(/usr/share/texlive/texmf-dist/tex/generic/pgfplots/liststructure/pgfplotslists
tructure.code.tex)
(/usr/share/texlive/texmf-dist/tex/generic/pgfplots/liststructure/pgfplotslists
tructureext.code.tex)
(/usr/share/texlive/texmf-dist/tex/generic/pgfplots/liststructure/pgfplotsarray
.code.tex
\c@pgfplotsarray@tmp=\count355
)
(/usr/share/texlive/texmf-dist/tex/generic/pgfplots/liststructure/pgfplotsmatri
x.code.tex)
(/usr/share/texlive/texmf-dist/tex/generic/pgfplots/numtable/pgfplotstableshare
d.code.tex
\c@pgfplotstable@counta=\count356
\t@pgfplotstable@a=\toks48
)
(/usr/share/texlive/texmf-dist/tex/generic/pgfplots/liststructure/pgfplotsdeque
.code.tex)
(/usr/share/texlive/texmf-dist/tex/generic/pgfplots/util/pgfplotsbinary.code.te
x
(/usr/share/texlive/texmf-dist/tex/generic/pgfplots/util/pgfplotsbinary.data.co
de.tex))
(/usr/share/texlive/texmf-dist/tex/generic/pgfplots/util/pgfplotsutil.verb.code
.tex)
(/usr/share/texlive/texmf-dist/tex/generic/pgfplots/libs/pgflibrarypgfplots.sur
fshading.code.tex
\c@pgfplotslibrarysurf@no=\count357

(/usr/share/texlive/texmf-dist/tex/generic/pgfplots/sys/pgflibrarypgfplots.surf
shading.pgfsys-pdftex.def)))
(/usr/share/texlive/texmf-dist/tex/generic/pgfplots/util/pgfplotscolormap.code.
tex
(/usr/share/texlive/texmf-dist/tex/generic/pgfplots/util/pgfplotscolor.code.tex
))
(/usr/share/texlive/texmf-dist/tex/generic/pgfplots/pgfplotsstackedplots.code.t
ex)
(/usr/share/texlive/texmf-dist/tex/generic/pgfplots/pgfplotsplothandlers.code.t
ex
(/usr/share/texlive/texmf-dist/tex/generic/pgfplots/pgfplotsmeshplothandler.cod
e.tex
(/usr/share/texlive/texmf-dist/tex/generic/pgfplots/pgfplotsmeshplotimage.code.
tex)))
(/usr/share/texlive/texmf-dist/tex/generic/pgfplots/pgfplots.scaling.code.tex)
(/usr/share/texlive/texmf-dist/tex/generic/pgfplots/pgfplotscoordprocessing.cod
e.tex)
(/usr/share/texlive/texmf-dist/tex/generic/pgfplots/pgfplots.errorbars.code.tex
) (/usr/share/texlive/texmf-dist/tex/generic/pgfplots/pgfplots.markers.code.tex
) (/usr/share/texlive/texmf-dist/tex/generic/pgfplots/pgfplotsticks.code.tex)
(/usr/share/texlive/texmf-dist/tex/generic/pgfplots/pgfplots.paths.code.tex)
(/usr/share/texlive/texmf-dist/tex/generic/pgf/frontendlayer/tikz/libraries/tik
zlibrarydecorations.code.tex
(/usr/share/texlive/texmf-dist/tex/generic/pgf/modules/pgfmoduledecorations.cod
e.tex
\pgfdecoratedcompleteddistance=\dimen274
\pgfdecoratedremainingdistance=\dimen275
\pgfdecoratedinputsegmentcompleteddistance=\dimen276
\pgfdecoratedinputsegmentremainingdistance=\dimen277
\pgf@decorate@distancetomove=\dimen278
\pgf@decorate@repeatstate=\count358
\pgfdecorationsegmentamplitude=\dimen279
\pgfdecorationsegmentlength=\dimen280
)
\tikz@lib@dec@box=\box69
)
(/usr/share/texlive/texmf-dist/tex/generic/pgf/frontendlayer/tikz/libraries/tik
zlibrarydecorations.pathmorphing.code.tex
(/usr/share/texlive/texmf-dist/tex/generic/pgf/libraries/decorations/pgflibrary
decorations.pathmorphing.code.tex))
(/usr/share/texlive/texmf-dist/tex/generic/pgf/frontendlayer/tikz/libraries/tik
zlibrarydecorations.pathreplacing.code.tex
(/usr/share/texlive/texmf-dist/tex/generic/pgf/libraries/decorations/pgflibrary
decorations.pathreplacing.code.tex))
(/usr/share/texlive/texmf-dist/tex/generic/pgfplots/libs/tikzlibrarypgfplots.co
ntourlua.code.tex)
\pgfplots@numplots=\count359
\pgfplots@xmin@reg=\dimen281
\pgfplots@xmax@reg=\dimen282
\pgfplots@ymin@reg=\dimen283
\pgfplots@ymax@reg=\dimen284
\pgfplots@zmin@reg=\dimen285
\pgfplots@zmax@reg=\dimen286
)
(/usr/share/texlive/texmf-dist/tex/generic/pgf/frontendlayer/tikz/libraries/tik
zlibraryplotmarks.code.tex
File: tikzlibraryplotmarks.code.tex 2021/05/15 v3.1.9a (3.1.9a)

(/usr/share/texlive/texmf-dist/tex/generic/pgf/libraries/pgflibraryplotmarks.co
de.tex
File: pgflibraryplotmarks.code.tex 2021/05/15 v3.1.9a (3.1.9a)
))) (/usr/share/texlive/texmf-dist/tex/latex/booktabs/booktabs.sty
Package: booktabs 2020/01/12 v1.61803398 Publication quality tables
\heavyrulewidth=\dimen287
\lightrulewidth=\dimen288
\cmidrulewidth=\dimen289
\belowrulesep=\dimen290
\belowbottomsep=\dimen291
\aboverulesep=\dimen292
\abovetopsep=\dimen293
\cmidrulesep=\dimen294
\cmidrulekern=\dimen295
\defaultaddspace=\dimen296
\@cmidla=\count360
\@cmidlb=\count361
\@aboverulesep=\dimen297
\@belowrulesep=\dimen298
\@thisruleclass=\count362
\@lastruleclass=\count363
\@thisrulewidth=\dimen299
)
(/usr/share/texlive/texmf-dist/tex/latex/caption/caption.sty
Package: caption 2020/10/26 v3.5g Customizing captions (AR)

(/usr/share/texlive/texmf-dist/tex/latex/caption/caption3.sty
Package: caption3 2020/10/21 v2.2e caption3 kernel (AR)
\captionmargin=\dimen300
\captionmargin@=\dimen301
\captionwidth=\dimen302
\caption@tempdima=\dimen303
\caption@indent=\dimen304
\caption@parindent=\dimen305
\caption@hangindent=\dimen306
Package caption Info: Standard document class detected.
)
\c@caption@flags=\count364
\c@continuedfloat=\count365
Package caption Info: float package is loaded.
Package caption Info: hyperref package is loaded.
Package caption Info: wrapfig package is loaded.
)
(./Preamble/preamble.tex
(/usr/share/texlive/texmf-dist/tex/latex/geometry/geometry.sty
Package: geometry 2020/01/02 v5.9 Page Geometry

(/usr/share/texlive/texmf-dist/tex/generic/iftex/ifvtex.sty
Package: ifvtex 2019/10/25 v1.7 ifvtex legacy package. Use iftex instead.
)
\Gm@cnth=\count366
\Gm@cntv=\count367
\c@Gm@tempcnt=\count368
\Gm@bindingoffset=\dimen307
\Gm@wd@mp=\dimen308
\Gm@odd@mp=\dimen309
\Gm@even@mp=\dimen310
\Gm@layoutwidth=\dimen311
\Gm@layoutheight=\dimen312
\Gm@layouthoffset=\dimen313
\Gm@layoutvoffset=\dimen314
\Gm@dimlist=\toks49
)

Package fancyhdr Warning: \fancyhead's `E' option without twoside option is use
less on input line 9.


Package fancyhdr Warning: \fancyhead's `E' option without twoside option is use
less on input line 9.

(/usr/share/texlive/texmf-dist/tex/latex/tools/bm.sty
Package: bm 2021/04/25 v1.2e Bold Symbol Support (DPC/FMi)
Package bm Info: No bold for \OT1/ztmcm/m/n, using \pmb.
Package bm Info: No bold for \OML/ztmcm/m/it, using \pmb.
Package bm Info: No bold for \OMS/ztmcm/m/n, using \pmb.
Package bm Info: No bold for \OMX/ztmcm/m/n, using \pmb.
Package bm Info: No bold for \OT1/ptm/bx/n, using \pmb.
Package bm Info: No bold for \OT1/ptm/m/it, using \pmb.
Package bm Info: No bold for \U/msa/m/n, using \pmb.
Package bm Info: No bold for \U/msb/m/n, using \pmb.
)
(/usr/share/texlive/texmf-dist/tex/latex/mathtools/mathtools.sty
Package: mathtools 2021/02/02 v1.28 mathematical typesetting tools

(/usr/share/texlive/texmf-dist/tex/latex/mathtools/mhsetup.sty
Package: mhsetup 2021/03/18 v1.4 programming setup (MH)
)
\g_MT_multlinerow_int=\count369
\l_MT_multwidth_dim=\dimen315
\origjot=\skip120
\l_MT_shortvdotswithinadjustabove_dim=\dimen316
\l_MT_shortvdotswithinadjustbelow_dim=\dimen317
\l_MT_above_intertext_sep=\dimen318
\l_MT_below_intertext_sep=\dimen319
\l_MT_above_shortintertext_sep=\dimen320
\l_MT_below_shortintertext_sep=\dimen321
\xmathstrut@box=\box70
\xmathstrut@dim=\dimen322
)
(/usr/share/texlive/texmf-dist/tex/latex/cancel/cancel.sty
Package: cancel 2013/04/12 v2.2 Cancel math terms
)
(/usr/share/texlive/texmf-dist/tex/latex/fundus-calligra/calligra.sty
Package: calligra 2012/04/10 v1.9 LaTeX package calligra
)
(/usr/share/texlive/texmf-dist/tex/latex/footmisc/footmisc.sty
Package: footmisc 2011/06/06 v5.5b a miscellany of footnote facilities
\FN@temptoken=\toks50
\footnotemargin=\dimen323
\c@pp@next@reset=\count370
Package footmisc Info: Declaring symbol style bringhurst on input line 855.
Package footmisc Info: Declaring symbol style chicago on input line 863.
Package footmisc Info: Declaring symbol style wiley on input line 872.
Package footmisc Info: Declaring symbol style lamport-robust on input line 883.

Package footmisc Info: Declaring symbol style lamport* on input line 903.
Package footmisc Info: Declaring symbol style lamport*-robust on input line 924
.
)
(/usr/share/texlive/texmf-dist/tex/latex/base/fontenc.sty
Package: fontenc 2021/04/29 v2.0v Standard LaTeX package
)
\toclineskipl=\skip121

(/usr/share/texlive/texmf-dist/tex/latex/tools/afterpage.sty
Package: afterpage 2014/10/28 v1.08 After-Page Package (DPC)
\AP@output=\toks51
\AP@partial=\box71
\AP@footins=\box72
)
(/usr/share/texlive/texmf-dist/tex/latex/caption/subcaption.sty
Package: subcaption 2020/10/07 v1.3j Sub-captions (AR)
\c@subfigure=\count371
\c@subtable=\count372
)
(/usr/share/texlive/texmf-dist/tex/latex/tools/multicol.sty
Package: multicol 2021/10/28 v1.9b multicolumn formatting (FMi)
\c@tracingmulticols=\count373
\mult@box=\box73
\multicol@leftmargin=\dimen324
\c@unbalance=\count374
\c@collectmore=\count375
\doublecol@number=\count376
\multicoltolerance=\count377
\multicolpretolerance=\count378
\full@width=\dimen325
\page@free=\dimen326
\premulticols=\dimen327
\postmulticols=\dimen328
\multicolsep=\skip122
\multicolbaselineskip=\skip123
\partial@page=\box74
\last@line=\box75
\maxbalancingoverflow=\dimen329
\mult@rightbox=\box76
\mult@grightbox=\box77
\mult@firstbox=\box78
\mult@gfirstbox=\box79
\@tempa=\box80
\@tempa=\box81
\@tempa=\box82
\@tempa=\box83
\@tempa=\box84
\@tempa=\box85
\@tempa=\box86
\@tempa=\box87
\@tempa=\box88
\@tempa=\box89
\@tempa=\box90
\@tempa=\box91
\@tempa=\box92
\@tempa=\box93
\@tempa=\box94
\@tempa=\box95
\@tempa=\box96
\@tempa=\box97
\@tempa=\box98
\@tempa=\box99
\@tempa=\box100
\@tempa=\box101
\@tempa=\box102
\@tempa=\box103
\@tempa=\box104
\@tempa=\box105
\@tempa=\box106
\@tempa=\box107
\@tempa=\box108
\@tempa=\box109
\@tempa=\box110
\@tempa=\box111
\@tempa=\box112
\@tempa=\box113
\@tempa=\box114
\@tempa=\box115
\c@minrows=\count379
\c@columnbadness=\count380
\c@finalcolumnbadness=\count381
\last@try=\dimen330
\multicolovershoot=\dimen331
\multicolundershoot=\dimen332
\mult@nat@firstbox=\box116
\colbreak@box=\box117
\mc@col@check@num=\count382
)
(/usr/share/texlive/texmf-dist/tex/latex/siunitx/siunitx.sty
Package: siunitx 2022-02-02 v3.0.46 A comprehensive (SI) units package
\l__siunitx_angle_tmp_dim=\dimen333
\l__siunitx_angle_marker_box=\box118
\l__siunitx_angle_unit_box=\box119
\l__siunitx_compound_count_int=\count383

(/usr/share/texlive/texmf-dist/tex/latex/translations/translations.sty
Package: translations 2022/01/04 v1.11 internationalization of LaTeX2e packages
 (CN)
)
\l__siunitx_number_exponent_fixed_int=\count384
\l__siunitx_number_min_decimal_int=\count385
\l__siunitx_number_min_integer_int=\count386
\l__siunitx_number_round_precision_int=\count387
\l__siunitx_number_group_minimum_int=\count388
\l__siunitx_table_tmp_box=\box120
\l__siunitx_table_tmp_dim=\dimen334
\l__siunitx_table_column_width_dim=\dimen335
\l__siunitx_table_integer_box=\box121
\l__siunitx_table_decimal_box=\box122
\l__siunitx_table_before_box=\box123
\l__siunitx_table_after_box=\box124
\l__siunitx_table_before_dim=\dimen336
\l__siunitx_table_carry_dim=\dimen337
\l__siunitx_unit_tmp_int=\count389
\l__siunitx_unit_position_int=\count390
\l__siunitx_unit_total_int=\count391

(/usr/share/texlive/texmf-dist/tex/latex/l3packages/l3keys2e/l3keys2e.sty
(/usr/share/texlive/texmf-dist/tex/latex/l3kernel/expl3.sty
Package: expl3 2022-01-21 L3 programming layer (loader) 

(/usr/share/texlive/texmf-dist/tex/latex/l3backend/l3backend-pdftex.def
File: l3backend-pdftex.def 2022-01-12 L3 backend support: PDF output (pdfTeX)
\l__color_backend_stack_int=\count392
\l__pdf_internal_box=\box125
))
Package: l3keys2e 2022-01-12 LaTeX2e option processing using LaTeX3 keys
)
(/usr/share/texlive/texmf-dist/tex/latex/tools/array.sty
Package: array 2021/10/04 v2.5f Tabular extension package (FMi)
\col@sep=\dimen338
\ar@mcellbox=\box126
\extrarowheight=\dimen339
\NC@list=\toks52
\extratabsurround=\skip124
\backup@length=\skip125
\ar@cellbox=\box127
))
(/usr/share/texlive/texmf-dist/tex/latex/tools/hhline.sty
Package: hhline 2020/01/04 v2.04 Table rule package (DPC)
))
(/usr/share/texlive/texmf-dist/tex/latex/enumitem/enumitem.sty
Package: enumitem 2019/06/20 v3.9 Customized lists
\labelindent=\skip126
\enit@outerparindent=\dimen340
\enit@toks=\toks53
\enit@inbox=\box128
\enit@count@id=\count393
\enitdp@description=\count394
)
(./thesis-info.tex)
Package translations Info: No language package found. I am going to use `englis
h' as default language. on input line 129.
 (./thesis.aux (./Portada/Portada.aux)
(./Abstract/abstract.aux) (./Chapter1/chapter1.aux) (./Chapter2/chapter2.aux)
(./Chapter3/chapter3.aux) (./Chapter4/chapter4.aux

LaTeX Warning: Label `Lumi_2017' multiply defined.

) (./Chapter5/chapter5.aux))
\openout1 = `thesis.aux'.

LaTeX Font Info:    Checking defaults for OML/cmm/m/it on input line 129.
LaTeX Font Info:    ... okay on input line 129.
LaTeX Font Info:    Checking defaults for OMS/cmsy/m/n on input line 129.
LaTeX Font Info:    ... okay on input line 129.
LaTeX Font Info:    Checking defaults for OT1/cmr/m/n on input line 129.
LaTeX Font Info:    ... okay on input line 129.
LaTeX Font Info:    Checking defaults for T1/cmr/m/n on input line 129.
LaTeX Font Info:    ... okay on input line 129.
LaTeX Font Info:    Checking defaults for TS1/cmr/m/n on input line 129.
LaTeX Font Info:    ... okay on input line 129.
LaTeX Font Info:    Checking defaults for OMX/cmex/m/n on input line 129.
LaTeX Font Info:    ... okay on input line 129.
LaTeX Font Info:    Checking defaults for U/cmr/m/n on input line 129.
LaTeX Font Info:    ... okay on input line 129.
LaTeX Font Info:    Checking defaults for PD1/pdf/m/n on input line 129.
LaTeX Font Info:    ... okay on input line 129.
LaTeX Font Info:    Checking defaults for PU/pdf/m/n on input line 129.
LaTeX Font Info:    ... okay on input line 129.

(/usr/share/texlive/texmf-dist/tex/context/base/mkii/supp-pdf.mkii
[Loading MPS to PDF converter (version 2006.09.02).]
\scratchcounter=\count395
\scratchdimen=\dimen341
\scratchbox=\box129
\nofMPsegments=\count396
\nofMParguments=\count397
\everyMPshowfont=\toks54
\MPscratchCnt=\count398
\MPscratchDim=\dimen342
\MPnumerator=\count399
\makeMPintoPDFobject=\count400
\everyMPtoPDFconversion=\toks55
) (/usr/share/texlive/texmf-dist/tex/latex/fmtcount/fc-english.def
File: fc-english.def 2016/01/12
)
LaTeX Info: Redefining \microtypecontext on input line 129.
Package microtype Info: Applying patch `item' on input line 129.
Package microtype Info: Applying patch `toc' on input line 129.
Package microtype Info: Applying patch `eqnum' on input line 129.


Package microtype Warning: Unable to apply patch `footnote' on input line 129.

Package microtype Info: Generating PDF output.
Package microtype Info: Character protrusion enabled (level 2).
Package microtype Info: Using default protrusion set `alltext'.
Package microtype Info: Automatic font expansion enabled (level 2),
(microtype)             stretch: 20, shrink: 20, step: 1, non-selected.
Package microtype Info: Using default expansion set `alltext-nott'.
LaTeX Info: Redefining \showhyphens on input line 129.
Package microtype Info: No adjustment of tracking.
Package microtype Info: No adjustment of interword spacing.
Package microtype Info: No adjustment of character kerning.
(/usr/share/texlive/texmf-dist/tex/latex/microtype/mt-ptm.cfg
File: mt-ptm.cfg 2006/04/20 v1.7 microtype config. file: Times (RS)
)
Package hyperref Info: Link coloring ON on input line 129.

(/usr/share/texlive/texmf-dist/tex/latex/hyperref/nameref.sty
Package: nameref 2021-04-02 v2.47 Cross-referencing by name of section

(/usr/share/texlive/texmf-dist/tex/latex/refcount/refcount.sty
Package: refcount 2019/12/15 v3.6 Data extraction from label references (HO)
)
(/usr/share/texlive/texmf-dist/tex/generic/gettitlestring/gettitlestring.sty
Package: gettitlestring 2019/12/15 v1.6 Cleanup title references (HO)
)
\c@section@level=\count401
)
LaTeX Info: Redefining \ref on input line 129.
LaTeX Info: Redefining \pageref on input line 129.
LaTeX Info: Redefining \nameref on input line 129.

(./thesis.out) (./thesis.out)
\@outlinefile=\write7
\openout7 = `thesis.out'.


Package pgfplots notification 'compat/show suggested version=true': you might b
enefit from \pgfplotsset{compat=1.18} (current compat level: 1.16).

Package caption Info: Begin \AtBeginDocument code.
Package caption Info: End \AtBeginDocument code.
*geometry* driver: auto-detecting
*geometry* detected driver: pdftex
*geometry* verbose mode - [ preamble ] result:
* driver: pdftex
* paper: a4paper
* layout: <same size as paper>
* layoutoffset:(h,v)=(0.0pt,0.0pt)
* modes: 
* h-part:(L,W,R)=(113.81102pt, 426.79135pt, 56.9055pt)
* v-part:(T,H,B)=(85.35826pt, 674.33032pt, 85.35826pt)
* \paperwidth=597.50787pt
* \paperheight=845.04684pt
* \textwidth=426.79135pt
* \textheight=674.33032pt
* \oddsidemargin=41.54103pt
* \evensidemargin=41.54103pt
* \topmargin=-21.28552pt
* \headheight=14.5pt
* \headsep=19.8738pt
* \topskip=12.0pt
* \footskip=30.0pt
* \marginparwidth=38.0pt
* \marginparsep=7.0pt
* \columnsep=10.0pt
* \skip\footins=10.8pt plus 4.0pt minus 2.0pt
* \hoffset=0.0pt
* \voffset=0.0pt
* \mag=1000
* \@twocolumnfalse
* \@twosidefalse
* \@mparswitchfalse
* \@reversemarginfalse
* (1in=72.27pt=25.4mm, 1cm=28.453pt)


(/usr/share/texlive/texmf-dist/tex/latex/translations/translations-basic-dictio
nary-english.trsl
File: translations-basic-dictionary-english.trsl (english translation file `tra
nslations-basic-dictionary')
)
Package translations Info: loading dictionary `translations-basic-dictionary' f
or `english'. on input line 129.
\openout2 = `Portada/Portada.aux'.

 (./Portada/Portada.tex
<unison-logo.png, id=139, 321.2pt x 321.2pt>
File: unison-logo.png Graphic file (type png)
<use unison-logo.png>
Package pdftex.def Info: unison-logo.png  used on input line 24.
(pdftex.def)             Requested size: 91.04793pt x 91.04872pt.
LaTeX Font Info:    Trying to load font information for OT1+ztmcm on input line
 26.

(/usr/share/texlive/texmf-dist/tex/latex/psnfss/ot1ztmcm.fd
File: ot1ztmcm.fd 2000/01/03 Fontinst v1.801 font definitions for OT1/ztmcm.
)
Package microtype Info: Loading generic protrusion settings for font family
(microtype)             `ztmcm' (encoding: OT1).
(microtype)             For optimal results, create family-specific settings.
(microtype)             See the microtype manual for details.
LaTeX Font Info:    Trying to load font information for OML+ztmcm on input line
 26.

(/usr/share/texlive/texmf-dist/tex/latex/psnfss/omlztmcm.fd
File: omlztmcm.fd 2000/01/03 Fontinst v1.801 font definitions for OML/ztmcm.
)
LaTeX Font Info:    Trying to load font information for OMS+ztmcm on input line
 26.

(/usr/share/texlive/texmf-dist/tex/latex/psnfss/omsztmcm.fd
File: omsztmcm.fd 2000/01/03 Fontinst v1.801 font definitions for OMS/ztmcm.
)
LaTeX Font Info:    Trying to load font information for OMX+ztmcm on input line
 26.

(/usr/share/texlive/texmf-dist/tex/latex/psnfss/omxztmcm.fd
File: omxztmcm.fd 2000/01/03 Fontinst v1.801 font definitions for OMX/ztmcm.
)
LaTeX Font Info:    Trying to load font information for OT1+ptm on input line 2
6.

(/usr/share/texlive/texmf-dist/tex/latex/psnfss/ot1ptm.fd
File: ot1ptm.fd 2001/06/04 font definitions for OT1/ptm.
)
LaTeX Font Info:    Font shape `OT1/ptm/bx/n' in size <12> not available
(Font)              Font shape `OT1/ptm/b/n' tried instead on input line 26.
LaTeX Font Info:    Font shape `OT1/ptm/bx/n' in size <9> not available
(Font)              Font shape `OT1/ptm/b/n' tried instead on input line 26.
LaTeX Font Info:    Font shape `OT1/ptm/bx/n' in size <7> not available
(Font)              Font shape `OT1/ptm/b/n' tried instead on input line 26.

(/usr/share/texlive/texmf-dist/tex/latex/microtype/mt-msa.cfg
File: mt-msa.cfg 2006/02/04 v1.1 microtype config. file: AMS symbols (a) (RS)
)
(/usr/share/texlive/texmf-dist/tex/latex/microtype/mt-msb.cfg
File: mt-msb.cfg 2005/06/01 v1.0 microtype config. file: AMS symbols (b) (RS)
)) [1



{/var/lib/texmf/fonts/map/pdftex/updmap/pdftex.map} <./unison-logo.png>]
\openout2 = `Abstract/abstract.aux'.


(./Abstract/abstract.tex) [2





] (./thesis.toc [3


])
\tf@toc=\write8
\openout8 = `thesis.toc'.

 [4] (./thesis.lof
! Misplaced alignment tab character &.
<argument> ...ross Scans for All Detectors (2017 &
                                                   2018)}}
l.25 ...ors (2017 & 2018)}}{38}{figure.caption.29}
                                                  %
I can't figure out why you would want to use a tab mark
here. If you just want an ampersand, the remedy is
simple: Just type `I\&' now. But if some right brace
up above has ended a previous alignment prematurely,
you're probably due for more error messages, and you
might try typing `S' now just to see what is salvageable.

! Misplaced alignment tab character &.
<argument> ...y Ratio with PCC Gated BCIDs (2017 &
                                                   2018)}}
l.26 ...IDs (2017 & 2018)}}{39}{figure.caption.30}
                                                  %
I can't figure out why you would want to use a tab mark
here. If you just want an ampersand, the remedy is
simple: Just type `I\&' now. But if some right brace
up above has ended a previous alignment prematurely,
you're probably due for more error messages, and you
might try typing `S' now just to see what is salvageable.

! Misplaced alignment tab character &.
<argument> ...rage  vdM Head-On Periods (2017 &
                                                   2018)}}
l.27 ...ods (2017 & 2018)}}{39}{figure.caption.31}
                                                  %
I can't figure out why you would want to use a tab mark
here. If you just want an ampersand, the remedy is
simple: Just type `I\&' now. But if some right brace
up above has ended a previous alignment prematurely,
you're probably due for more error messages, and you
might try typing `S' now just to see what is salvageable.

[5]
! Misplaced alignment tab character &.
<argument> ...CC) to Mean per 50 LS Blocks (2017 &
                                                   2018)}}
l.38 ...cks (2017 & 2018)}}{50}{figure.caption.45}
                                                  %
I can't figure out why you would want to use a tab mark
here. If you just want an ampersand, the remedy is
simple: Just type `I\&' now. But if some right brace
up above has ended a previous alignment prematurely,
you're probably due for more error messages, and you
might try typing `S' now just to see what is salvageable.

! Misplaced alignment tab character &.
<argument> ...earity and Luminosity Ratios (2017 &
                                                   2018)}}
l.39 ...ios (2017 & 2018)}}{51}{figure.caption.46}
                                                  %
I can't figure out why you would want to use a tab mark
here. If you just want an ampersand, the remedy is
simple: Just type `I\&' now. But if some right brace
up above has ended a previous alignment prematurely,
you're probably due for more error messages, and you
might try typing `S' now just to see what is salvageable.

)
\tf@lof=\write9
\openout9 = `thesis.lof'.

 [6] (./thesis.lot)
\tf@lot=\write10
\openout10 = `thesis.lot'.

 [7] (./thesis.nls)
\openout2 = `Chapter1/chapter1.aux'.

 (./Chapter1/chapter1.tex
Chapter 1.

Underfull \hbox (badness 10000) in paragraph at lines 13--14

 []

[1



]
! Extra }, or forgotten $.
l.33 ...}Third\end{tabular}} & tau      & ({$\tau}
                                                  $\textsuperscript{-})     ...
I've deleted a group-closing symbol because it seems to be
spurious, as in `$x}$'. But perhaps the } is legitimate and
you forgot something else, as in `\hbox{$x}'. In such cases
the way to recover is to insert both the forgotten and the
deleted material, e.g., by typing `I$}'.

! Missing } inserted.
<inserted text> 
                }
l.33 ...au}$\textsuperscript{-})                 &
                                                   -1                       ...
I've put in what seems to be necessary to fix
the current column of the current alignment.
Try to go on, since this might almost work.

[2]
Underfull \hbox (badness 10000) in paragraph at lines 73--74

 []


Underfull \hbox (badness 10000) in paragraph at lines 75--76

 []


Underfull \hbox (badness 10000) in paragraph at lines 77--79

 []

[3]
<Chapter1/cross_section.png, id=338, 948.54375pt x 341.275pt>
File: Chapter1/cross_section.png Graphic file (type png)
<use Chapter1/cross_section.png>
Package pdftex.def Info: Chapter1/cross_section.png  used on input line 91.
(pdftex.def)             Requested size: 331.99529pt x 119.44803pt.
 [4 <./Chapter1/cross_section.png>]
<Chapter1/lumi_uncertainty.png, id=352, 947.54pt x 706.64pt>
File: Chapter1/lumi_uncertainty.png Graphic file (type png)
<use Chapter1/lumi_uncertainty.png>
Package pdftex.def Info: Chapter1/lumi_uncertainty.png  used on input line 126.

(pdftex.def)             Requested size: 265.30939pt x 197.85785pt.


LaTeX Warning: `h' float specifier changed to `ht'.


Underfull \hbox (badness 10000) in paragraph at lines 135--136

 []

[5]
LaTeX Font Info:    Trying to load font information for TS1+ptm on input line 1
37.
 (/usr/share/texlive/texmf-dist/tex/latex/psnfss/ts1ptm.fd
File: ts1ptm.fd 2001/06/04 font definitions for TS1/ptm.
)
Underfull \hbox (badness 10000) in paragraph at lines 137--138

 []

[6 <./Chapter1/lumi_uncertainty.png>]
<Chapter1/lhc_complex_fig.png, id=371, 846.16125pt x 683.55376pt>
File: Chapter1/lhc_complex_fig.png Graphic file (type png)
<use Chapter1/lhc_complex_fig.png>
Package pdftex.def Info: Chapter1/lhc_complex_fig.png  used on input line 144.
(pdftex.def)             Requested size: 380.76904pt x 307.59634pt.
 [7 <./Chapter1/lhc_complex_fig.png (PNG copy)>]
Underfull \hbox (badness 10000) in paragraph at lines 154--156

 []


Underfull \hbox (badness 10000) in paragraph at lines 157--159

 []


! LaTeX Error: Unicode character  (U+200B)
               not set up for use with LaTeX.

See the LaTeX manual or LaTeX Companion for explanation.
Type  H <return>  for immediate help.
 ...                                              
                                                  
l.168 ... 2017 and 2018 show preliminary results)}
                                                  
You may provide a definition with
\DeclareUnicodeCharacter 


! LaTeX Error: Unicode character  (U+200B)
               not set up for use with LaTeX.

See the LaTeX manual or LaTeX Companion for explanation.
Type  H <return>  for immediate help.
 ...                                              
                                                  
l.168 ... 2017 and 2018 show preliminary results)}
                                                  
You may provide a definition with
\DeclareUnicodeCharacter 


! LaTeX Error: Unicode character  (U+200B)
               not set up for use with LaTeX.

See the LaTeX manual or LaTeX Companion for explanation.
Type  H <return>  for immediate help.
 ...                                              
                                                  
l.168 ... 2017 and 2018 show preliminary results)}
                                                  
You may provide a definition with
\DeclareUnicodeCharacter 


! LaTeX Error: Unicode character  (U+200B)
               not set up for use with LaTeX.

See the LaTeX manual or LaTeX Companion for explanation.
Type  H <return>  for immediate help.
 ...                                              
                                                  
l.168 ... 2017 and 2018 show preliminary results)}
                                                  
You may provide a definition with
\DeclareUnicodeCharacter 

<Chapter1/int_lumi_cumulative_pp_2_run2.pdf, id=387, 578.16pt x 433.62pt>
File: Chapter1/int_lumi_cumulative_pp_2_run2.pdf Graphic file (type pdf)
<use Chapter1/int_lumi_cumulative_pp_2_run2.pdf>
Package pdftex.def Info: Chapter1/int_lumi_cumulative_pp_2_run2.pdf  used on in
put line 187.
(pdftex.def)             Requested size: 317.98898pt x 238.49173pt.
) [8] [9 <./Chapter1/int_lumi_cumulative_pp_2_run2.pdf>]
\openout2 = `Chapter2/chapter2.aux'.


(./Chapter2/chapter2.tex
Chapter 2.

Underfull \hbox (badness 10000) in paragraph at lines 7--8

 []

[10




]
<Chapter2/CMS_detector_simple.png, id=449, 1113.15875pt x 809.0225pt>
File: Chapter2/CMS_detector_simple.png Graphic file (type png)
<use Chapter2/CMS_detector_simple.png>
Package pdftex.def Info: Chapter2/CMS_detector_simple.png  used on input line 1
4.
(pdftex.def)             Requested size: 333.95021pt x 242.70862pt.

Underfull \hbox (badness 10000) in paragraph at lines 20--21

 []


Underfull \hbox (badness 10000) in paragraph at lines 22--23

 []


Underfull \hbox (badness 10000) in paragraph at lines 24--25

 []

[11 <./Chapter2/CMS_detector_simple.png (PNG copy)>]
<Chapter2/slice_det.png, id=458, 1225.57875pt x 835.12pt>
File: Chapter2/slice_det.png Graphic file (type png)
<use Chapter2/slice_det.png>
Package pdftex.def Info: Chapter2/slice_det.png  used on input line 33.
(pdftex.def)             Requested size: 367.67647pt x 250.53793pt.


! LaTeX Error: Unicode character  (U+2212)
               not set up for use with LaTeX.

See the LaTeX manual or LaTeX Companion for explanation.
Type  H <return>  for immediate help.
 ...                                              
                                                  
l.39 ...orapidity $\eta$ is defined as $\eta = 
                                                   ln[tan(\theta/2)]$ \cite{...

You may provide a definition with
\DeclareUnicodeCharacter 

[12 <./Chapter2/slice_det.png (PNG copy)>]
Underfull \hbox (badness 10000) in paragraph at lines 44--45

 []


Underfull \hbox (badness 10000) in paragraph at lines 46--47

 []


Underfull \hbox (badness 10000) in paragraph at lines 48--49

 []

[13]
Underfull \hbox (badness 10000) in paragraph at lines 50--51

 []


Underfull \hbox (badness 10000) in paragraph at lines 52--53

 []


Underfull \hbox (badness 10000) in paragraph at lines 54--55

 []

<Chapter2/detectors.png, id=479, 1078.0275pt x 808.01875pt>
File: Chapter2/detectors.png Graphic file (type png)
<use Chapter2/detectors.png>
Package pdftex.def Info: Chapter2/detectors.png  used on input line 63.
(pdftex.def)             Requested size: 323.41075pt x 242.4075pt.

Underfull \hbox (badness 10000) in paragraph at lines 71--73

 []

[14]
Underfull \hbox (badness 10000) in paragraph at lines 74--75

 []

<Chapter2/strip_layout.png, id=488, 1599.9775pt x 749.80125pt>
File: Chapter2/strip_layout.png Graphic file (type png)
<use Chapter2/strip_layout.png>
Package pdftex.def Info: Chapter2/strip_layout.png  used on input line 81.
(pdftex.def)             Requested size: 367.98709pt x 172.45065pt.

Underfull \hbox (badness 10000) in paragraph at lines 88--89

 []

[15 <./Chapter2/detectors.png>]
Underfull \hbox (badness 10000) in paragraph at lines 90--91

 []

<Chapter2/phase1_PixelDetector.png, id=498, 1583.9175pt x 442.65375pt>
File: Chapter2/phase1_PixelDetector.png Graphic file (type png)
<use Chapter2/phase1_PixelDetector.png>
Package pdftex.def Info: Chapter2/phase1_PixelDetector.png  used on input line 
97.
(pdftex.def)             Requested size: 411.80884pt x 115.08725pt.

Underfull \hbox (badness 10000) in paragraph at lines 103--104

 []

[16 <./Chapter2/strip_layout.png (PNG copy)> <./Chapter2/phase1_PixelDetector.p
ng (PNG copy)>]
Underfull \hbox (badness 10000) in paragraph at lines 105--106

 []

<Chapter2/modules_drawing.png, id=507, 1740.5025pt x 393.47pt>
File: Chapter2/modules_drawing.png Graphic file (type png)
<use Chapter2/modules_drawing.png>
Package pdftex.def Info: Chapter2/modules_drawing.png  used on input line 112.
(pdftex.def)             Requested size: 348.09433pt x 78.6926pt.
<Chapter2/PixelSensor.png, id=514, 494.84875pt x 373.395pt>
File: Chapter2/PixelSensor.png Graphic file (type png)
<use Chapter2/PixelSensor.png>
Package pdftex.def Info: Chapter2/PixelSensor.png  used on input line 123.
(pdftex.def)             Requested size: 148.45576pt x 112.01936pt.
<Chapter2/hit.png, id=515, 636.3775pt x 298.11375pt>
File: Chapter2/hit.png Graphic file (type png)
<use Chapter2/hit.png>
Package pdftex.def Info: Chapter2/hit.png  used on input line 123.
(pdftex.def)             Requested size: 190.91472pt x 89.43481pt.

LaTeX Warning: `h' float specifier changed to `ht'.


Underfull \hbox (badness 10000) in paragraph at lines 131--132

 []

[17 <./Chapter2/modules_drawing.png (PNG copy)>]
Underfull \hbox (badness 10000) in paragraph at lines 133--134

 []


Underfull \hbox (badness 10000) in paragraph at lines 135--137

 []

<Chapter2/pixel_cluster.png, id=527, 1423.3175pt x 747.79375pt>
File: Chapter2/pixel_cluster.png Graphic file (type png)
<use Chapter2/pixel_cluster.png>
Package pdftex.def Info: Chapter2/pixel_cluster.png  used on input line 141.
(pdftex.def)             Requested size: 355.8285pt x 186.94797pt.

LaTeX Warning: `h' float specifier changed to `ht'.

! You can't use `macro parameter character #' in horizontal mode.
l.151 ...1}. On average, the detector occupancy (#
                                                   hit pixels/# total pixels...
Sorry, but I'm not programmed to handle this case;
I'll just pretend that you didn't ask for it.
If you're in the wrong mode, you might be able to
return to the right one by typing `I}' or `I$' or `I\par'.

! You can't use `macro parameter character #' in horizontal mode.
l.151 ...e, the detector occupancy (# hit pixels/#
                                                   total pixels) is less tha...
Sorry, but I'm not programmed to handle this case;
I'll just pretend that you didn't ask for it.
If you're in the wrong mode, you might be able to
return to the right one by typing `I}' or `I$' or `I\par'.

[18 <./Chapter2/PixelSensor.png> <./Chapter2/hit.png>]
<Chapter3/pileup_lineality.png, id=542, 628.3475pt x 461.725pt>
File: Chapter3/pileup_lineality.png Graphic file (type png)
<use Chapter3/pileup_lineality.png>
Package pdftex.def Info: Chapter3/pileup_lineality.png  used on input line 160.

(pdftex.def)             Requested size: 219.92491pt x 161.60617pt.


LaTeX Warning: `!h' float specifier changed to `!ht'.

[19 <./Chapter2/pixel_cluster.png>] [20 <./Chapter3/pileup_lineality.png>])
[21]
\openout2 = `Chapter3/chapter3.aux'.

 (./Chapter3/chapter3.tex
Chapter 3.
[22




] [23]
<Chapter3/vdm_sketch.png, id=590, 736.7525pt x 523.9575pt>
File: Chapter3/vdm_sketch.png Graphic file (type png)
<use Chapter3/vdm_sketch.png>
Package pdftex.def Info: Chapter3/vdm_sketch.png  used on input line 86.
(pdftex.def)             Requested size: 294.69577pt x 209.57928pt.
 [24 <./Chapter3/vdm_sketch.png (PNG copy)>]
Underfull \hbox (badness 10000) in paragraph at lines 102--103

 []


! LaTeX Error: Unicode character  (U+2212)
               not set up for use with LaTeX.

See the LaTeX manual or LaTeX Companion for explanation.
Type  H <return>  for immediate help.
 ...                                              
                                                  
l.104 ...ns except the maximum separation (2.5 
                                                   $4 \sigma_{b}$), the numb...

You may provide a definition with
\DeclareUnicodeCharacter 


Underfull \hbox (badness 10000) in paragraph at lines 104--105

 []


Underfull \hbox (badness 10000) in paragraph at lines 106--107

 []


Underfull \hbox (badness 10000) in paragraph at lines 108--109

 []

[25]
Underfull \hbox (badness 10000) in paragraph at lines 112--113

 []


Underfull \hbox (badness 10000) in paragraph at lines 114--115

 []

[26]
<Chapter3/BeamPosition/doros_vs_time_6016.pdf, id=615, 2590.56824pt x 517.78104
pt>
File: Chapter3/BeamPosition/doros_vs_time_6016.pdf Graphic file (type pdf)
<use Chapter3/BeamPosition/doros_vs_time_6016.pdf>
Package pdftex.def Info: Chapter3/BeamPosition/doros_vs_time_6016.pdf  used on 
input line 142.
(pdftex.def)             Requested size: 440.39078pt x 88.0216pt.

Overfull \hbox (4.49854pt too wide) in paragraph at lines 140--143
[]  [] 
 []

[27 <./Chapter3/BeamPosition/doros_vs_time_6016.pdf>]
<Chapter3/BeamPosition/doros_vs_time_6868.pdf, id=686, 2590.56824pt x 517.78104
pt>
File: Chapter3/BeamPosition/doros_vs_time_6868.pdf Graphic file (type pdf)
<use Chapter3/BeamPosition/doros_vs_time_6868.pdf>
Package pdftex.def Info: Chapter3/BeamPosition/doros_vs_time_6868.pdf  used on 
input line 177.
(pdftex.def)             Requested size: 440.39078pt x 88.0216pt.

Overfull \hbox (4.49854pt too wide) in paragraph at lines 175--178
[]  [] 
 []


LaTeX Warning: `h' float specifier changed to `ht'.


Underfull \hbox (badness 10000) in paragraph at lines 188--189

 []

[28]
Underfull \hbox (badness 10000) in paragraph at lines 190--191

 []


Underfull \hbox (badness 10000) in paragraph at lines 192--193

 []


Underfull \hbox (badness 10000) in paragraph at lines 194--197

 []

[29 <./Chapter3/BeamPosition/doros_vs_time_6868.pdf>]
Underfull \hbox (badness 10000) in paragraph at lines 198--199

 []

[30]
<Chapter4/scan_rates.png, id=776, 1139.25626pt x 560.0925pt>
File: Chapter4/scan_rates.png Graphic file (type png)
<use Chapter4/scan_rates.png>
Package pdftex.def Info: Chapter4/scan_rates.png  used on input line 225.
(pdftex.def)             Requested size: 187.77795pt x 115.22992pt.
<Chapter4/scan_rates_PerBX.png, id=777, 1051.93pt x 635.37375pt>
File: Chapter4/scan_rates_PerBX.png Graphic file (type png)
<use Chapter4/scan_rates_PerBX.png>
Package pdftex.def Info: Chapter4/scan_rates_PerBX.png  used on input line 226.

(pdftex.def)             Requested size: 213.38383pt x 128.0323pt.
 [31 <./Chapter4/scan_rates.png> <./Chapter4/scan_rates_PerBX.png>]
<figures/performance_PCC/PCC_Rates_SS1.pdf, id=787, 569.12625pt x 277.035pt>
File: figures/performance_PCC/PCC_Rates_SS1.pdf Graphic file (type pdf)
<use figures/performance_PCC/PCC_Rates_SS1.pdf>
Package pdftex.def Info: figures/performance_PCC/PCC_Rates_SS1.pdf  used on inp
ut line 239.
(pdftex.def)             Requested size: 187.7862pt x 128.0379pt.
<figures/performance_PCC/PCC_Projection_SS1.pdf, id=788, 569.12625pt x 277.035p
t>
File: figures/performance_PCC/PCC_Projection_SS1.pdf Graphic file (type pdf)
<use figures/performance_PCC/PCC_Projection_SS1.pdf>
Package pdftex.def Info: figures/performance_PCC/PCC_Projection_SS1.pdf  used o
n input line 240.
(pdftex.def)             Requested size: 230.46881pt x 128.0379pt.

[32 <./figures/performance_PCC/PCC_Rates_SS1.pdf, page is rotated 90 degrees> <
./figures/performance_PCC/PCC_Projection_SS1.pdf, page is rotated 90 degrees>]
! Missing } inserted.
<inserted text> 
                }
l.302 ...al current, denoted as $N_{\mathrm{DCCT}$
                                                  , is normalized to match t...
I've inserted something that you may have forgotten.
(See the <inserted text> above.)
With luck, this will get me unwedged. But if you
really didn't forget anything, try typing `2' now; then
my insertion and my current dilemma will both disappear.

[33] [34]

! LaTeX Error: There's no line here to end.

See the LaTeX manual or LaTeX Companion for explanation.
Type  H <return>  for immediate help.
 ...                                              
                                                  
l.349 
      
Your command was ignored.
Type  I <command> <return>  to replace it with another command,
or  <return>  to continue without it.

Excluding 'comment' comment.
<Chapter4/2017_X_Scan_41.png, id=903, 1020.81375pt x 1156.32pt>
File: Chapter4/2017_X_Scan_41.png Graphic file (type png)
<use Chapter4/2017_X_Scan_41.png>
Package pdftex.def Info: Chapter4/2017_X_Scan_41.png  used on input line 415.
(pdftex.def)             Requested size: 170.70114pt x 170.70569pt.
<Chapter4/2018_Y_Scan_2192.png, id=904, 916.42375pt x 1033.8625pt>
File: Chapter4/2018_Y_Scan_2192.png Graphic file (type png)
<use Chapter4/2018_Y_Scan_2192.png>
Package pdftex.def Info: Chapter4/2018_Y_Scan_2192.png  used on input line 416.

(pdftex.def)             Requested size: 170.71034pt x 170.70615pt.


LaTeX Warning: `h' float specifier changed to `ht'.

[35]
<figures/vdMfitting/sigVis/Sigma_vis_6016_new_Per_BCID.png, id=915, 722.7pt x 7
22.7pt>
File: figures/vdMfitting/sigVis/Sigma_vis_6016_new_Per_BCID.png Graphic file (t
ype png)
<use figures/vdMfitting/sigVis/Sigma_vis_6016_new_Per_BCID.png>
Package pdftex.def Info: figures/vdMfitting/sigVis/Sigma_vis_6016_new_Per_BCID.
png  used on input line 441.
(pdftex.def)             Requested size: 209.1301pt x 209.1255pt.
<figures/vdMfitting/sigVis/Sigma_vis_6868_new_Per_BCID.png, id=916, 722.7pt x 7
22.7pt>
File: figures/vdMfitting/sigVis/Sigma_vis_6868_new_Per_BCID.png Graphic file (t
ype png)
<use figures/vdMfitting/sigVis/Sigma_vis_6868_new_Per_BCID.png>
Package pdftex.def Info: figures/vdMfitting/sigVis/Sigma_vis_6868_new_Per_BCID.
png  used on input line 442.
(pdftex.def)             Requested size: 209.1301pt x 209.1255pt.


LaTeX Warning: `!h' float specifier changed to `!ht'.

[36 <./Chapter4/2017_X_Scan_41.png> <./Chapter4/2018_Y_Scan_2192.png>]
<figures/vdMfitting/sigVis/Sigma_vis_6016_new.png, id=929, 722.7pt x 722.7pt>
File: figures/vdMfitting/sigVis/Sigma_vis_6016_new.png Graphic file (type png)
<use figures/vdMfitting/sigVis/Sigma_vis_6016_new.png>
Package pdftex.def Info: figures/vdMfitting/sigVis/Sigma_vis_6016_new.png  used
 on input line 469.
(pdftex.def)             Requested size: 209.1301pt x 209.1255pt.
<figures/vdMfitting/sigVis/Sigma_vis_6868_new.png, id=930, 722.7pt x 722.7pt>
File: figures/vdMfitting/sigVis/Sigma_vis_6868_new.png Graphic file (type png)
<use figures/vdMfitting/sigVis/Sigma_vis_6868_new.png>
Package pdftex.def Info: figures/vdMfitting/sigVis/Sigma_vis_6868_new.png  used
 on input line 470.
(pdftex.def)             Requested size: 209.1301pt x 209.1255pt.


LaTeX Warning: `h' float specifier changed to `ht'.

Excluding 'comment' comment.
<figures/visible_cross_section_results/sigVisPerScanNormalized_fill6016_XY_EC.p
df, id=932, 722.7pt x 722.7pt>
File: figures/visible_cross_section_results/sigVisPerScanNormalized_fill6016_XY
_EC.pdf Graphic file (type pdf)
<use figures/visible_cross_section_results/sigVisPerScanNormalized_fill6016_XY_
EC.pdf>
Package pdftex.def Info: figures/visible_cross_section_results/sigVisPerScanNor
malized_fill6016_XY_EC.pdf  used on input line 519.
(pdftex.def)             Requested size: 209.1301pt x 209.1255pt.
<figures/visible_cross_section_results/sigVisPerScanNormalized_fill6868_XY_EC.p
df, id=933, 722.7pt x 722.7pt>
File: figures/visible_cross_section_results/sigVisPerScanNormalized_fill6868_XY
_EC.pdf Graphic file (type pdf)
<use figures/visible_cross_section_results/sigVisPerScanNormalized_fill6868_XY_
EC.pdf>
Package pdftex.def Info: figures/visible_cross_section_results/sigVisPerScanNor
malized_fill6868_XY_EC.pdf  used on input line 521.
(pdftex.def)             Requested size: 209.1301pt x 209.1255pt.


LaTeX Warning: `!h' float specifier changed to `!ht'.

[37 <./figures/vdMfitting/sigVis/Sigma_vis_6016_new_Per_BCID.png> <./figures/vd
Mfitting/sigVis/Sigma_vis_6868_new_Per_BCID.png>] [38 <./figures/vdMfitting/sig
Vis/Sigma_vis_6016_new.png> <./figures/vdMfitting/sigVis/Sigma_vis_6868_new.png
> <./figures/visible_cross_section_results/sigVisPerScanNormalized_fill6016_XY_
EC.pdf> <./figures/visible_cross_section_results/sigVisPerScanNormalized_fill68
68_XY_EC.pdf>]
<figures/vdMfitting/vdMconsistency/lumi_sum5_fill6016_HFOC-HFET-PLT-PCCHD5div_H
FET+HFOC+PLT+PCCHD5_ratioTrue_nls10_Xsecleg317.pdf, id=1077, 1084.05pt x 722.7p
t>
File: figures/vdMfitting/vdMconsistency/lumi_sum5_fill6016_HFOC-HFET-PLT-PCCHD5
div_HFET+HFOC+PLT+PCCHD5_ratioTrue_nls10_Xsecleg317.pdf Graphic file (type pdf)

<use figures/vdMfitting/vdMconsistency/lumi_sum5_fill6016_HFOC-HFET-PLT-PCCHD5d
iv_HFET+HFOC+PLT+PCCHD5_ratioTrue_nls10_Xsecleg317.pdf>
Package pdftex.def Info: figures/vdMfitting/vdMconsistency/lumi_sum5_fill6016_H
FOC-HFET-PLT-PCCHD5div_HFET+HFOC+PLT+PCCHD5_ratioTrue_nls10_Xsecleg317.pdf  use
d on input line 534.
(pdftex.def)             Requested size: 209.1301pt x 139.40964pt.
<figures/vdMfitting/vdMconsistency/lumi_sum5_fill6868_HFOC-HFET-PLT-PCCHD5div_H
FOC+HFET+PLT+PCCHD5_ratioTrue_nls2_Xsecleg318.pdf, id=1078, 1084.05pt x 722.7pt
>
File: figures/vdMfitting/vdMconsistency/lumi_sum5_fill6868_HFOC-HFET-PLT-PCCHD5
div_HFOC+HFET+PLT+PCCHD5_ratioTrue_nls2_Xsecleg318.pdf Graphic file (type pdf)
<use figures/vdMfitting/vdMconsistency/lumi_sum5_fill6868_HFOC-HFET-PLT-PCCHD5d
iv_HFOC+HFET+PLT+PCCHD5_ratioTrue_nls2_Xsecleg318.pdf>
Package pdftex.def Info: figures/vdMfitting/vdMconsistency/lumi_sum5_fill6868_H
FOC-HFET-PLT-PCCHD5div_HFOC+HFET+PLT+PCCHD5_ratioTrue_nls2_Xsecleg318.pdf  used
 on input line 535.
(pdftex.def)             Requested size: 209.1301pt x 139.40964pt.
<figures/visible_cross_section_results/lumi_sum5_histMean_fill6016_HFOC-HFET-PL
T-PCCHD5div_HFET+HFOC+PLT+PCCHD5_ratioTrue_nls10_Xsecleg317.pdf, id=1079, 578.1
6pt x 578.16pt>
File: figures/visible_cross_section_results/lumi_sum5_histMean_fill6016_HFOC-HF
ET-PLT-PCCHD5div_HFET+HFOC+PLT+PCCHD5_ratioTrue_nls10_Xsecleg317.pdf Graphic fi
le (type pdf)
<use figures/visible_cross_section_results/lumi_sum5_histMean_fill6016_HFOC-HFE
T-PLT-PCCHD5div_HFET+HFOC+PLT+PCCHD5_ratioTrue_nls10_Xsecleg317.pdf>
Package pdftex.def Info: figures/visible_cross_section_results/lumi_sum5_histMe
an_fill6016_HFOC-HFET-PLT-PCCHD5div_HFET+HFOC+PLT+PCCHD5_ratioTrue_nls10_Xsecle
g317.pdf  used on input line 544.
(pdftex.def)             Requested size: 209.1301pt x 209.1255pt.
<figures/visible_cross_section_results/lumi_sum5_histMean_fill6868_HFOC-HFET-PL
T-PCCHD5div_HFOC+HFET+PLT+PCCHD5_ratioTrue_nls2_Xsecleg318.pdf, id=1080, 578.16
pt x 578.16pt>
File: figures/visible_cross_section_results/lumi_sum5_histMean_fill6868_HFOC-HF
ET-PLT-PCCHD5div_HFOC+HFET+PLT+PCCHD5_ratioTrue_nls2_Xsecleg318.pdf Graphic fil
e (type pdf)
<use figures/visible_cross_section_results/lumi_sum5_histMean_fill6868_HFOC-HFE
T-PLT-PCCHD5div_HFOC+HFET+PLT+PCCHD5_ratioTrue_nls2_Xsecleg318.pdf>
Package pdftex.def Info: figures/visible_cross_section_results/lumi_sum5_histMe
an_fill6868_HFOC-HFET-PLT-PCCHD5div_HFOC+HFET+PLT+PCCHD5_ratioTrue_nls2_Xsecleg
318.pdf  used on input line 545.
(pdftex.def)             Requested size: 209.1301pt x 209.1255pt.
 Excluding 'comment' comment.) [39 <./figures/vdMfitting/vdMconsistency/lumi_su
m5_fill6016_HFOC-HFET-PLT-PCCHD5div_HFET+HFOC+PLT+PCCHD5_ratioTrue_nls10_Xsecle
g317.pdf> <./figures/vdMfitting/vdMconsistency/lumi_sum5_fill6868_HFOC-HFET-PLT
-PCCHD5div_HFOC+HFET+PLT+PCCHD5_ratioTrue_nls2_Xsecleg318.pdf> <./figures/visib
le_cross_section_results/lumi_sum5_histMean_fill6016_HFOC-HFET-PLT-PCCHD5div_HF
ET+HFOC+PLT+PCCHD5_ratioTrue_nls10_Xsecleg317.pdf> <./figures/visible_cross_sec
tion_results/lumi_sum5_histMean_fill6868_HFOC-HFET-PLT-PCCHD5div_HFOC+HFET+PLT+
PCCHD5_ratioTrue_nls2_Xsecleg318.pdf>]
\openout2 = `Chapter4/chapter4.aux'.

 (./Chapter4/chapter4.tex
Chapter 4.
<Chapter3/Luminosity/int_lumi_per_day_cumulative_pp_2017_Normtag.pdf, id=1317, 
578.16pt x 433.62pt>
File: Chapter3/Luminosity/int_lumi_per_day_cumulative_pp_2017_Normtag.pdf Graph
ic file (type pdf)
<use Chapter3/Luminosity/int_lumi_per_day_cumulative_pp_2017_Normtag.pdf>
Package pdftex.def Info: Chapter3/Luminosity/int_lumi_per_day_cumulative_pp_201
7_Normtag.pdf  used on input line 15.
(pdftex.def)             Requested size: 192.0548pt x 144.0412pt.
<Chapter3/Luminosity/int_lumi_per_day_pp_2017_Normtag.pdf, id=1318, 578.16pt x 
433.62pt>
File: Chapter3/Luminosity/int_lumi_per_day_pp_2017_Normtag.pdf Graphic file (ty
pe pdf)
<use Chapter3/Luminosity/int_lumi_per_day_pp_2017_Normtag.pdf>
Package pdftex.def Info: Chapter3/Luminosity/int_lumi_per_day_pp_2017_Normtag.p
df  used on input line 16.
(pdftex.def)             Requested size: 192.0548pt x 144.0412pt.

LaTeX Warning: `!h' float specifier changed to `!ht'.

<Chapter3/Luminosity/int_lumi_per_day_cumulative_pp_2018_Normtag.pdf, id=1319, 
578.16pt x 433.62pt>
File: Chapter3/Luminosity/int_lumi_per_day_cumulative_pp_2018_Normtag.pdf Graph
ic file (type pdf)
<use Chapter3/Luminosity/int_lumi_per_day_cumulative_pp_2018_Normtag.pdf>
Package pdftex.def Info: Chapter3/Luminosity/int_lumi_per_day_cumulative_pp_201
8_Normtag.pdf  used on input line 23.
(pdftex.def)             Requested size: 192.0548pt x 144.0412pt.
<Chapter3/Luminosity/int_lumi_per_day_pp_2018_Normtag.pdf, id=1320, 578.16pt x 
433.62pt>
File: Chapter3/Luminosity/int_lumi_per_day_pp_2018_Normtag.pdf Graphic file (ty
pe pdf)
<use Chapter3/Luminosity/int_lumi_per_day_pp_2018_Normtag.pdf>
Package pdftex.def Info: Chapter3/Luminosity/int_lumi_per_day_pp_2018_Normtag.p
df  used on input line 24.
(pdftex.def)             Requested size: 192.0548pt x 144.0412pt.

LaTeX Warning: `!h' float specifier changed to `!ht'.

[40




] Excluding 'comment' comment.

LaTeX Warning: `!h' float specifier changed to `!ht'.

[41 <./Chapter3/Luminosity/int_lumi_per_day_cumulative_pp_2017_Normtag.pdf> <./
Chapter3/Luminosity/int_lumi_per_day_pp_2017_Normtag.pdf

pdfTeX warning: pdflatex (file ./Chapter3/Luminosity/int_lumi_per_day_pp_2017_N
ormtag.pdf): PDF inclusion: multiple pdfs with page group included in a single 
page
> <./Chapter3/Luminosity/int_lumi_per_day_cumulative_pp_2018_Normtag.pdf

pdfTeX warning: pdflatex (file ./Chapter3/Luminosity/int_lumi_per_day_cumulativ
e_pp_2018_Normtag.pdf): PDF inclusion: multiple pdfs with page group included i
n a single page
> <./Chapter3/Luminosity/int_lumi_per_day_pp_2018_Normtag.pdf

pdfTeX warning: pdflatex (file ./Chapter3/Luminosity/int_lumi_per_day_pp_2018_N
ormtag.pdf): PDF inclusion: multiple pdfs with page group included in a single 
page
>] [42] Excluding 'comment' comment. [43]
<Chapter4/good_module.png, id=1529, 1755.55875pt x 557.08125pt>
File: Chapter4/good_module.png Graphic file (type png)
<use Chapter4/good_module.png>
Package pdftex.def Info: Chapter4/good_module.png  used on input line 182.
(pdftex.def)             Requested size: 298.44104pt x 94.70256pt.
<Chapter4/RMSmean.png, id=1530, 806.01125pt x 649.42625pt>
File: Chapter4/RMSmean.png Graphic file (type png)
<use Chapter4/RMSmean.png>
Package pdftex.def Info: Chapter4/RMSmean.png  used on input line 183.
(pdftex.def)             Requested size: 120.89647pt x 97.40973pt.
 Excluding 'comment' comment.

LaTeX Warning: `h' float specifier changed to `ht'.

<Chapter4/module_selection/ProfileX_combined_testing_LUM_20-001.png, id=1533, 6
98.61pt x 473.77pt>
File: Chapter4/module_selection/ProfileX_combined_testing_LUM_20-001.png Graphi
c file (type png)
<use Chapter4/module_selection/ProfileX_combined_testing_LUM_20-001.png>
Package pdftex.def Info: Chapter4/module_selection/ProfileX_combined_testing_LU
M_20-001.png  used on input line 227.
(pdftex.def)             Requested size: 298.7548pt x 199.17pt.

LaTeX Warning: `h' float specifier changed to `ht'.

Excluding 'comment' comment. [44 <./Chapter4/good_module.png (PNG copy)> <./Cha
pter4/RMSmean.png>] [45 <./Chapter4/module_selection/ProfileX_combined_testing_
LUM_20-001.png>]
<figures/fill_7036_pattern_2.png, id=1544, 798.985pt x 574.145pt>
File: figures/fill_7036_pattern_2.png Graphic file (type png)
<use figures/fill_7036_pattern_2.png>
Package pdftex.def Info: figures/fill_7036_pattern_2.png  used on input line 26
5.
(pdftex.def)             Requested size: 341.43437pt x 245.35316pt.
<figures/performance_PCC/afterglow.png, id=1547, 1093.08376pt x 804.00375pt>
File: figures/performance_PCC/afterglow.png Graphic file (type png)
<use figures/performance_PCC/afterglow.png>
Package pdftex.def Info: figures/performance_PCC/afterglow.png  used on input l
ine 282.
(pdftex.def)             Requested size: 256.07741pt x 188.35204pt.


LaTeX Warning: `h' float specifier changed to `ht'.

[46 <./figures/fill_7036_pattern_2.png>]
<figures/2018_af_fit_1.png, id=1554, 1001.7425pt x 757.32938pt>
File: figures/2018_af_fit_1.png Graphic file (type png)
<use figures/2018_af_fit_1.png>
Package pdftex.def Info: figures/2018_af_fit_1.png  used on input line 302.
(pdftex.def)             Requested size: 320.0935pt x 241.99211pt.
 Excluding 'comment' comment. [47 <./figures/performance_PCC/afterglow.png>]
<figures/performance_PCC/afterglow_correction_factor_1lsblock_315690_2.png, id=
1563, 778.91pt x 577.65813pt>
File: figures/performance_PCC/afterglow_correction_factor_1lsblock_315690_2.png
 Graphic file (type png)
<use figures/performance_PCC/afterglow_correction_factor_1lsblock_315690_2.png>

Package pdftex.def Info: figures/performance_PCC/afterglow_correction_factor_1l
sblock_315690_2.png  used on input line 355.
(pdftex.def)             Requested size: 204.85802pt x 151.924pt.
<figures/performance_PCC/afterglow_correction_factor_1lsblock_315690_3.png, id=
1564, 753.31438pt x 574.64688pt>
File: figures/performance_PCC/afterglow_correction_factor_1lsblock_315690_3.png
 Graphic file (type png)
<use figures/performance_PCC/afterglow_correction_factor_1lsblock_315690_3.png>

Package pdftex.def Info: figures/performance_PCC/afterglow_correction_factor_1l
sblock_315690_3.png  used on input line 356.
(pdftex.def)             Requested size: 204.85802pt x 156.27031pt.
 Excluding 'comment' comment. [48 <./figures/2018_af_fit_1.png> <./figures/perf
ormance_PCC/afterglow_correction_factor_1lsblock_315690_2.png> <./figures/perfo
rmance_PCC/afterglow_correction_factor_1lsblock_315690_3.png>]
<figures/performance_PCC/Lumi_2017.png, id=1574, 579.6054pt x 400.3758pt>
File: figures/performance_PCC/Lumi_2017.png Graphic file (type png)
<use figures/performance_PCC/Lumi_2017.png>
Package pdftex.def Info: figures/performance_PCC/Lumi_2017.png  used on input l
ine 403.
(pdftex.def)             Requested size: 200.59245pt x 138.56354pt.
<figures/LumiVsTime_fill7270.pdf, id=1575, 569.12625pt x 408.52625pt>
File: figures/LumiVsTime_fill7270.pdf Graphic file (type pdf)
<use figures/LumiVsTime_fill7270.pdf>
Package pdftex.def Info: figures/LumiVsTime_fill7270.pdf  used on input line 40
4.
(pdftex.def)             Requested size: 192.0548pt x 137.8623pt.
 [49 <./figures/performance_PCC/Lumi_2017.png> <./figures/LumiVsTime_fill7270.p
df, page is rotated 90 degrees>]
<figures/luminosity_integration_and_uncertainty/ratio__hfet-pcc-plt-hfocdivmean
_PCConly_17.pdf, id=1626, 578.16pt x 578.16pt>
File: figures/luminosity_integration_and_uncertainty/ratio__hfet-pcc-plt-hfocdi
vmean_PCConly_17.pdf Graphic file (type pdf)
<use figures/luminosity_integration_and_uncertainty/ratio__hfet-pcc-plt-hfocdiv
mean_PCConly_17.pdf>
Package pdftex.def Info: figures/luminosity_integration_and_uncertainty/ratio__
hfet-pcc-plt-hfocdivmean_PCConly_17.pdf  used on input line 423.
(pdftex.def)             Requested size: 192.0548pt x 192.05493pt.
<figures/luminosity_integration_and_uncertainty/ratio__hfet-pcc-plt-hfocdivmean
_PCConly_18.pdf, id=1627, 578.16pt x 578.16pt>
File: figures/luminosity_integration_and_uncertainty/ratio__hfet-pcc-plt-hfocdi
vmean_PCConly_18.pdf Graphic file (type pdf)
<use figures/luminosity_integration_and_uncertainty/ratio__hfet-pcc-plt-hfocdiv
mean_PCConly_18.pdf>
Package pdftex.def Info: figures/luminosity_integration_and_uncertainty/ratio__
hfet-pcc-plt-hfocdivmean_PCConly_18.pdf  used on input line 425.
(pdftex.def)             Requested size: 192.0548pt x 192.05493pt.
<figures/luminosity_integration_and_uncertainty/means_clean__hfet-pcc-plt-hfocd
ivmean_PCConly_17.pdf, id=1628, 578.16pt x 578.16pt>
File: figures/luminosity_integration_and_uncertainty/means_clean__hfet-pcc-plt-
hfocdivmean_PCConly_17.pdf Graphic file (type pdf)
<use figures/luminosity_integration_and_uncertainty/means_clean__hfet-pcc-plt-h
focdivmean_PCConly_17.pdf>
Package pdftex.def Info: figures/luminosity_integration_and_uncertainty/means_c
lean__hfet-pcc-plt-hfocdivmean_PCConly_17.pdf  used on input line 426.
(pdftex.def)             Requested size: 192.0548pt x 192.05493pt.
<figures/luminosity_integration_and_uncertainty/means_clean__hfet-pcc-plt-hfocd
ivmean_PCConly_18.pdf, id=1629, 578.16pt x 578.16pt>
File: figures/luminosity_integration_and_uncertainty/means_clean__hfet-pcc-plt-
hfocdivmean_PCConly_18.pdf Graphic file (type pdf)
<use figures/luminosity_integration_and_uncertainty/means_clean__hfet-pcc-plt-h
focdivmean_PCConly_18.pdf>
Package pdftex.def Info: figures/luminosity_integration_and_uncertainty/means_c
lean__hfet-pcc-plt-hfocdivmean_PCConly_18.pdf  used on input line 428.
(pdftex.def)             Requested size: 192.0548pt x 192.05493pt.
 [50 <./figures/luminosity_integration_and_uncertainty/ratio__hfet-pcc-plt-hfoc
divmean_PCConly_17.pdf> <./figures/luminosity_integration_and_uncertainty/ratio
__hfet-pcc-plt-hfocdivmean_PCConly_18.pdf> <./figures/luminosity_integration_an
d_uncertainty/means_clean__hfet-pcc-plt-hfocdivmean_PCConly_17.pdf> <./figures/
luminosity_integration_and_uncertainty/means_clean__hfet-pcc-plt-hfocdivmean_PC
Conly_18.pdf>]
<figures/luminosity_integration_and_uncertainty/linearity_means_clean3.pdf, id=
1909, 578.16pt x 578.16pt>
File: figures/luminosity_integration_and_uncertainty/linearity_means_clean3.pdf
 Graphic file (type pdf)
<use figures/luminosity_integration_and_uncertainty/linearity_means_clean3.pdf>

Package pdftex.def Info: figures/luminosity_integration_and_uncertainty/lineari
ty_means_clean3.pdf  used on input line 442.
(pdftex.def)             Requested size: 192.0548pt x 192.05493pt.
<figures/linearity_7270.pdf, id=1910, 569.12625pt x 408.52625pt>
File: figures/linearity_7270.pdf Graphic file (type pdf)
<use figures/linearity_7270.pdf>
Package pdftex.def Info: figures/linearity_7270.pdf  used on input line 444.
(pdftex.def)             Requested size: 192.0548pt x 137.8623pt.
 [51 <./figures/luminosity_integration_and_uncertainty/linearity_means_clean3.p
df> <./figures/linearity_7270.pdf, page is rotated 90 degrees>]) [52] [53]
\openout2 = `Chapter5/chapter5.aux'.


(./Chapter5/chapter5.tex
Chapter 5.
) [54




] (./thesis.bbl
! Misplaced alignment tab character &.
l.17   WILEY-VCH Verlag GmbH &
                               Co. KGaA. Weinheim, Federal Republic of Germany,
I can't figure out why you would want to use a tab mark
here. If you just want an ampersand, the remedy is
simple: Just type `I\&' now. But if some right brace
up above has ended a previous alignment prematurely,
you're probably due for more error messages, and you
might try typing `S' now just to see what is salvageable.


Underfull \hbox (badness 1360) in paragraph at lines 24--27
[]\T1/ptm/m/n/12 (+20) A. Belyaev and R. Dou-glas, \T1/ptm/m/it/12 (+20) The Ba
-sics of Nu-clear and Par-ti-cle Physics\T1/ptm/m/n/12 (+20) ,
 []


Underfull \hbox (badness 1845) in paragraph at lines 24--27
\T1/ptm/m/n/12 (+20) Springer (Un-der-grad-u-ate Texts in Physics Se-ries), Swi
tzer-land, 2021, doi:
 []


Underfull \hbox (badness 10000) in paragraph at lines 95--97
[]\T1/ptm/m/n/12 (+20) Online re-source: "CMS Lu-mi-nos-ity - Pub-lic Re-sults"
, 2023, URL
 []

[55




]
Underfull \hbox (badness 10000) in paragraph at lines 165--167
[]\T1/ptm/m/n/12 (+20) The HDF Group, "HDF5", Last Mod-i-fied: June 23, 2023, "
URL
 []


Underfull \hbox (badness 2253) in paragraph at lines 180--184
[]\T1/ptm/m/n/12 (+20) S. Mller, "Sim-u-la-tion of beam-induced back-grounds i
n com-par-i-son with
 []


Underfull \hbox (badness 3189) in paragraph at lines 180--184
\T1/ptm/m/n/12 (+20) data from the CMS pixel and other in-ner radii de-tec-tors
", \T1/ptm/m/it/12 (+20) Nu-clear In-
 []


Underfull \hbox (badness 1584) in paragraph at lines 180--184
\T1/ptm/m/it/12 (+20) stru-ments and Meth-ods in Physics Re-search Sec-tion A \
T1/ptm/m/n/12 (+20) 650 \T1/ptm/b/n/12 (+20) 1\T1/ptm/m/n/12 (+20) , 2011, doi:

 []


Underfull \hbox (badness 7116) in paragraph at lines 207--210
[]\T1/ptm/m/n/12 (+20) CMS Col-lab-o-ra-tion, ^^PAb-so-lute Cal-i-bra-tion of t
he Lu-mi-nos-ity Mea-sure-
 []


Underfull \hbox (badness 10000) in paragraph at lines 207--210
\T1/ptm/m/n/12 (+20) ment at CMS: Win-ter 2012 Up-date^^Q, 2012, CMS-PAS-SMP-12
-008,
 []

[56]) [57] (./thesis.ind) (./thesis.aux (./Portada/Portada.aux)
(./Abstract/abstract.aux) (./Chapter1/chapter1.aux) (./Chapter2/chapter2.aux)
(./Chapter3/chapter3.aux) (./Chapter4/chapter4.aux) (./Chapter5/chapter5.aux))

LaTeX Warning: There were multiply-defined labels.

Package rerunfilecheck Info: File `thesis.out' has not changed.
(rerunfilecheck)             Checksum: 18AED73CA241ED9270FEB2670C04946D;6635.
 ) 
Here is how much of TeX's memory you used:
 44236 strings out of 478287
 1022991 string characters out of 5849289
 1412429 words of memory out of 5000000
 61015 multiletter control sequences out of 15000+600000
 550711 words of font info for 290 fonts, out of 8000000 for 9000
 1141 hyphenation exceptions out of 8191
 125i,16n,120p,1149b,1005s stack positions out of 5000i,500n,10000p,200000b,80000s
{/usr/share/texlive/texmf-dist/fonts/enc/dvips/base/8r.enc}</usr/share/texliv
e/texmf-dist/fonts/type1/public/amsfonts/cm/cmex10.pfb></usr/share/texlive/texm
f-dist/fonts/type1/public/amsfonts/cm/cmmi10.pfb></usr/share/texlive/texmf-dist
/fonts/type1/public/amsfonts/cm/cmr10.pfb></usr/share/texlive/texmf-dist/fonts/
type1/public/amsfonts/cm/cmsy10.pfb></usr/share/texlive/texmf-dist/fonts/type1/
public/amsfonts/symbols/msam10.pfb></usr/share/texlive/texmf-dist/fonts/type1/p
ublic/amsfonts/symbols/msbm10.pfb></usr/share/texlive/texmf-dist/fonts/type1/pu
blic/rsfs/rsfs10.pfb></usr/share/texlive/texmf-dist/fonts/type1/urw/symbol/usyr
.pfb></usr/share/texlive/texmf-dist/fonts/type1/urw/symbol/usyr.pfb></usr/share
/texlive/texmf-dist/fonts/type1/urw/times/utmb8a.pfb></usr/share/texlive/texmf-
dist/fonts/type1/urw/times/utmr8a.pfb></usr/share/texlive/texmf-dist/fonts/type
1/urw/times/utmri8a.pfb>
Output written on thesis.pdf (64 pages, 9443464 bytes).
PDF statistics:
 2137 PDF objects out of 2487 (max. 8388607)
 1097 compressed objects within 11 object streams
 202 named destinations out of 1000 (max. 500000)
 79907 words of extra memory for PDF output out of 89155 (max. 10000000)

