\BOOKMARK [0][]{section*.1}{\376\377\000L\000i\000s\000t\000\040\000o\000f\000\040\000f\000i\000g\000u\000r\000e\000s}{}% 1
\BOOKMARK [0][]{section*.2}{\376\377\000L\000i\000s\000t\000\040\000o\000f\000\040\000t\000a\000b\000l\000e\000s}{}% 2
\BOOKMARK [0][]{chapter.1}{\376\377\0001\000\040\000I\000n\000t\000r\000o\000d\000u\000c\000t\000i\000o\000n}{}% 3
\BOOKMARK [1][]{section.1.1}{\376\377\0001\000.\0001\000\040\000P\000a\000r\000t\000i\000c\000l\000e\000\040\000P\000h\000y\000s\000i\000c\000s\000\040\000a\000n\000d\000\040\000t\000h\000e\000\040\000S\000t\000a\000n\000d\000a\000r\000d\000\040\000M\000o\000d\000e\000l}{chapter.1}% 4
\BOOKMARK [1][]{section.1.2}{\376\377\0001\000.\0002\000\040\000L\000a\000r\000g\000e\000\040\000H\000a\000d\000r\000o\000n\000\040\000C\000o\000l\000l\000i\000d\000e\000r}{chapter.1}% 5
\BOOKMARK [1][]{section.1.3}{\376\377\0001\000.\0003\000\040\000L\000u\000m\000i\000n\000o\000s\000i\000t\000y}{chapter.1}% 6
\BOOKMARK [0][]{chapter.2}{\376\377\0002\000\040\000C\000M\000S\000\040\000E\000x\000p\000e\000r\000i\000m\000e\000n\000t}{}% 7
\BOOKMARK [1][]{section.2.1}{\376\377\0002\000.\0001\000\040\000C\000M\000S\000\040\000d\000e\000t\000e\000c\000t\000o\000r}{chapter.2}% 8
\BOOKMARK [1][]{section.2.2}{\376\377\0002\000.\0002\000\040\000P\000i\000x\000e\000l\000\040\000D\000e\000t\000e\000c\000t\000o\000r}{chapter.2}% 9
\BOOKMARK [1][]{section.2.3}{\376\377\0002\000.\0003\000\040\000P\000i\000x\000e\000l\000\040\000C\000l\000u\000s\000t\000e\000r\000\040\000C\000o\000u\000n\000t\000i\000n\000g}{chapter.2}% 10
\BOOKMARK [1][]{section.2.4}{\376\377\0002\000.\0004\000\040\000P\000i\000x\000e\000l\000\040\000D\000e\000t\000e\000c\000t\000o\000r\000\040\000M\000o\000d\000u\000l\000e\000\040\000S\000e\000l\000e\000c\000t\000i\000o\000n}{chapter.2}% 11
\BOOKMARK [0][]{chapter.3}{\376\377\0003\000\040\000L\000u\000m\000i\000n\000o\000m\000e\000t\000e\000r\000\040\000C\000a\000l\000i\000b\000r\000a\000t\000i\000o\000n}{}% 12
\BOOKMARK [1][]{section.3.1}{\376\377\0003\000.\0001\000\040\000V\000a\000n\000\040\000D\000e\000r\000\040\000M\000e\000e\000r\000\040\000M\000e\000t\000h\000o\000d}{chapter.3}% 13
\BOOKMARK [1][]{section.3.2}{\376\377\0003\000.\0002\000\040\000D\000a\000t\000a\000s\000e\000t\000s}{chapter.3}% 14
\BOOKMARK [1][]{section.3.3}{\376\377\0003\000.\0003\000\040\000S\000c\000a\000n\000s}{chapter.3}% 15
\BOOKMARK [1][]{section.3.4}{\376\377\0003\000.\0004\000\040\000B\000a\000c\000k\000g\000r\000o\000u\000n\000d\000\040\000E\000s\000t\000i\000m\000a\000t\000i\000o\000n}{chapter.3}% 16
\BOOKMARK [1][]{section.3.5}{\376\377\0003\000.\0005\000\040\000C\000o\000r\000r\000e\000c\000t\000i\000o\000n\000s}{chapter.3}% 17
\BOOKMARK [1][]{section.3.6}{\376\377\0003\000.\0006\000\040\000F\000i\000t\000\040\000m\000o\000d\000e\000l}{chapter.3}% 18
\BOOKMARK [1][]{section.3.7}{\376\377\0003\000.\0007\000\040\000B\000e\000a\000m\000\040\000P\000a\000r\000a\000m\000e\000t\000e\000r\000s}{chapter.3}% 19
\BOOKMARK [0][]{chapter.4}{\376\377\0004\000\040\000R\000e\000s\000u\000l\000t\000s}{}% 20
\BOOKMARK [1][]{section.4.1}{\376\377\0004\000.\0001\000\040\000S\000i\000g\000m\000a\000V\000i\000s}{chapter.4}% 21
\BOOKMARK [1][]{section.4.2}{\376\377\0004\000.\0002\000\040\000S\000y\000s\000t\000e\000m\000a\000t\000i\000c\000s}{chapter.4}% 22
\BOOKMARK [0][]{chapter*.13}{\376\377\000R\000e\000f\000e\000r\000e\000n\000c\000e\000s}{}% 23
