\BOOKMARK [0][]{chapter*.2}{\376\377\000R\000e\000s\000u\000m\000e\000n}{}% 1
\BOOKMARK [0][]{section*.3}{\376\377\000L\000i\000s\000t\000\040\000o\000f\000\040\000f\000i\000g\000u\000r\000e\000s}{}% 2
\BOOKMARK [0][]{section*.4}{\376\377\000L\000i\000s\000t\000\040\000o\000f\000\040\000t\000a\000b\000l\000e\000s}{}% 3
\BOOKMARK [0][]{chapter.1}{\376\377\0001\000\040\000I\000n\000t\000r\000o\000d\000u\000c\000c\000i\000\363\000n}{}% 4
\BOOKMARK [1][]{section.1.1}{\376\377\0001\000.\0001\000\040\000F\000\355\000s\000i\000c\000a\000\040\000d\000e\000\040\000P\000a\000r\000t\000\355\000c\000u\000l\000a\000s\000\040\000y\000\040\000e\000l\000\040\000M\000o\000d\000e\000l\000o\000\040\000E\000s\000t\000\341\000n\000d\000a\000r}{chapter.1}% 5
\BOOKMARK [1][]{section.1.2}{\376\377\0001\000.\0002\000\040\000C\000o\000l\000i\000s\000i\000o\000n\000a\000d\000o\000r\000e\000s\000\040\000d\000e\000\040\000P\000a\000r\000t\000\355\000c\000u\000l\000a\000s\000\040\000y\000\040\000S\000e\000c\000c\000i\000\363\000n\000\040\000E\000f\000i\000c\000a\000z\000\040\000d\000e\000\040\000P\000r\000o\000d\000u\000c\000c\000i\000\363\000n}{chapter.1}% 6
\BOOKMARK [1][]{section.1.3}{\376\377\0001\000.\0003\000\040\000L\000u\000m\000i\000n\000o\000s\000i\000d\000a\000d\000\040}{chapter.1}% 7
\BOOKMARK [1][]{section.1.4}{\376\377\0001\000.\0004\000\040\000E\000l\000\040\000G\000r\000a\000n\000\040\000C\000o\000l\000i\000s\000i\000o\000n\000a\000d\000o\000r\000\040\000d\000e\000\040\000H\000a\000d\000r\000o\000n\000e\000s\000\040\000\050\000L\000H\000C\000\051}{chapter.1}% 8
\BOOKMARK [0][]{chapter.2}{\376\377\0002\000\040\000D\000e\000s\000c\000r\000i\000p\000c\000i\000\363\000n\000\040\000d\000e\000l\000\040\000E\000x\000p\000e\000r\000i\000m\000e\000n\000t\000o}{}% 9
\BOOKMARK [1][]{section.2.1}{\376\377\0002\000.\0001\000\040\000C\000M\000S\000\040\000\050\000C\000o\000m\000p\000a\000c\000t\000\040\000M\000u\000o\000n\000\040\000S\000o\000l\000e\000n\000o\000i\000d\000\051}{chapter.2}% 10
\BOOKMARK [1][]{section.2.2}{\376\377\0002\000.\0002\000\040\000L\000u\000m\000i\000n\000\363\000m\000e\000t\000r\000o\000s\000\040\000e\000n\000\040\000C\000M\000S}{chapter.2}% 11
\BOOKMARK [1][]{section.2.3}{\376\377\0002\000.\0003\000\040\000S\000i\000s\000t\000e\000m\000a\000\040\000d\000e\000\040\000R\000a\000s\000t\000r\000e\000o\000\040\000d\000e\000l\000\040\000C\000M\000S}{chapter.2}% 12
\BOOKMARK [1][]{section.2.4}{\376\377\0002\000.\0004\000\040\000S\000i\000l\000i\000c\000o\000n\000\040\000P\000i\000x\000e\000l\000\040\000D\000e\000t\000e\000c\000t\000o\000r}{chapter.2}% 13
\BOOKMARK [1][]{section.2.5}{\376\377\0002\000.\0005\000\040\000R\000e\000c\000o\000n\000s\000t\000r\000u\000c\000c\000i\000\363\000n\000\040\000d\000e\000l\000\040\000P\000i\000x\000e\000l\000\040\000C\000l\000u\000s\000t\000e\000r}{chapter.2}% 14
\BOOKMARK [0][]{chapter.3}{\376\377\0003\000\040\000M\000e\000d\000i\000c\000i\000o\000n\000e\000s\000\040\000d\000e\000\040\000L\000u\000m\000i\000n\000o\000s\000i\000d\000a\000d\000\040\000y\000\040\000A\000f\000t\000e\000r\000g\000l\000o\000w}{}% 15
\BOOKMARK [1][]{section.3.1}{\376\377\0003\000.\0001\000\040\000P\000i\000x\000e\000l\000\040\000C\000l\000u\000s\000t\000e\000r\000\040\000C\000o\000u\000n\000t\000i\000n\000g\000\040\000m\000e\000t\000h\000o\000d\000\040\000\050\000P\000C\000C\000\051}{chapter.3}% 16
\BOOKMARK [1][]{section.3.2}{\376\377\0003\000.\0002\000\040\000D\000a\000t\000o\000s\000\040\000a\000d\000q\000u\000i\000r\000i\000d\000o\000s\000\040\000e\000n\000\040\0002\0000\0002\0002}{chapter.3}% 17
\BOOKMARK [1][]{section.3.3}{\376\377\0003\000.\0003\000\040\000P\000C\000C\000\040\000s\000o\000b\000r\000e\000\040\000l\000a\000\040\000o\000r\000b\000i\000t\000a\000\040\000d\000e\000l\000\040\000L\000H\000C}{chapter.3}% 18
\BOOKMARK [1][]{section.3.4}{\376\377\0003\000.\0004\000\040\000O\000b\000s\000e\000r\000v\000a\000c\000i\000\363\000n\000\040\000d\000e\000l\000\040\000A\000f\000t\000e\000r\000g\000l\000o\000w}{chapter.3}% 19
\BOOKMARK [1][]{section.3.5}{\376\377\0003\000.\0005\000\040\000A\000j\000u\000s\000t\000e\000\040\000d\000e\000\040\000D\000a\000t\000o\000s\000\040\000y\000\040\000R\000e\000s\000i\000d\000u\000o\000s}{chapter.3}% 20
\BOOKMARK [1][]{section.3.6}{\376\377\0003\000.\0006\000\040\000E\000v\000o\000l\000u\000c\000i\000\363\000n\000\040\000d\000e\000\040\000l\000o\000s\000\040\000P\000a\000r\000\341\000m\000e\000t\000r\000o\000s\000\040\000e\000n\000\040\000F\000u\000n\000c\000i\000\363\000n\000\040\000d\000e\000l\000\040\000T\000i\000e\000m\000p\000o}{chapter.3}% 21
\BOOKMARK [0][]{chapter.4}{\376\377\0004\000\040\000C\000o\000n\000c\000l\000u\000s\000i\000o\000n\000e\000s}{}% 22
\BOOKMARK [0][]{chapter*.26}{\376\377\000R\000e\000f\000e\000r\000e\000n\000c\000e\000s}{}% 23
