This is pdfTeX, Version 3.141592653-2.6-1.40.26 (TeX Live 2024) (preloaded format=pdflatex 2024.5.21)  21 MAY 2024 19:26
entering extended mode
 restricted \write18 enabled.
 file:line:error style messages enabled.
 %&-line parsing enabled.
**paper.tex
(./paper.tex
LaTeX2e <2023-11-01> patch level 1
L3 programming layer <2024-02-20>
(/usr/local/texlive/2024/texmf-dist/tex/latex/base/article.cls
Document Class: article 2023/05/17 v1.4n Standard LaTeX document class
(/usr/local/texlive/2024/texmf-dist/tex/latex/base/size10.clo
File: size10.clo 2023/05/17 v1.4n Standard LaTeX file (size option)
)
\c@part=\count188
\c@section=\count189
\c@subsection=\count190
\c@subsubsection=\count191
\c@paragraph=\count192
\c@subparagraph=\count193
\c@figure=\count194
\c@table=\count195
\abovecaptionskip=\skip48
\belowcaptionskip=\skip49
\bibindent=\dimen140
)
(/usr/local/texlive/2024/texmf-dist/tex/latex/graphics/graphicx.sty
Package: graphicx 2021/09/16 v1.2d Enhanced LaTeX Graphics (DPC,SPQR)

(/usr/local/texlive/2024/texmf-dist/tex/latex/graphics/keyval.sty
Package: keyval 2022/05/29 v1.15 key=value parser (DPC)
\KV@toks@=\toks17
)
(/usr/local/texlive/2024/texmf-dist/tex/latex/graphics/graphics.sty
Package: graphics 2022/03/10 v1.4e Standard LaTeX Graphics (DPC,SPQR)

(/usr/local/texlive/2024/texmf-dist/tex/latex/graphics/trig.sty
Package: trig 2021/08/11 v1.11 sin cos tan (DPC)
)
(/usr/local/texlive/2024/texmf-dist/tex/latex/graphics-cfg/graphics.cfg
File: graphics.cfg 2016/06/04 v1.11 sample graphics configuration
)
Package graphics Info: Driver file: pdftex.def on input line 107.

(/usr/local/texlive/2024/texmf-dist/tex/latex/graphics-def/pdftex.def
File: pdftex.def 2022/09/22 v1.2b Graphics/color driver for pdftex
))
\Gin@req@height=\dimen141
\Gin@req@width=\dimen142
)
(/usr/local/texlive/2024/texmf-dist/tex/latex/geometry/geometry.sty
Package: geometry 2020/01/02 v5.9 Page Geometry

(/usr/local/texlive/2024/texmf-dist/tex/generic/iftex/ifvtex.sty
Package: ifvtex 2019/10/25 v1.7 ifvtex legacy package. Use iftex instead.

(/usr/local/texlive/2024/texmf-dist/tex/generic/iftex/iftex.sty
Package: iftex 2022/02/03 v1.0f TeX engine tests
))
\Gm@cnth=\count196
\Gm@cntv=\count197
\c@Gm@tempcnt=\count198
\Gm@bindingoffset=\dimen143
\Gm@wd@mp=\dimen144
\Gm@odd@mp=\dimen145
\Gm@even@mp=\dimen146
\Gm@layoutwidth=\dimen147
\Gm@layoutheight=\dimen148
\Gm@layouthoffset=\dimen149
\Gm@layoutvoffset=\dimen150
\Gm@dimlist=\toks18
)
(/usr/local/texlive/2024/texmf-dist/tex/latex/amsfonts/amssymb.sty
Package: amssymb 2013/01/14 v3.01 AMS font symbols

(/usr/local/texlive/2024/texmf-dist/tex/latex/amsfonts/amsfonts.sty
Package: amsfonts 2013/01/14 v3.01 Basic AMSFonts support
\@emptytoks=\toks19
\symAMSa=\mathgroup4
\symAMSb=\mathgroup5
LaTeX Font Info:    Redeclaring math symbol \hbar on input line 98.
LaTeX Font Info:    Overwriting math alphabet `\mathfrak' in version `bold'
(Font)                  U/euf/m/n --> U/euf/b/n on input line 106.
))
(/usr/local/texlive/2024/texmf-dist/tex/latex/changepage/changepage.sty
Package: changepage 2009/10/20 v1.0c check page and change page layout
\c@cp@cntr=\count199
\cp@tempcnt=\count266
)
(/usr/local/texlive/2024/texmf-dist/tex/latex/float/float.sty
Package: float 2001/11/08 v1.3d Float enhancements (AL)
\c@float@type=\count267
\float@exts=\toks20
\float@box=\box51
\@float@everytoks=\toks21
\@floatcapt=\box52
)
(/usr/local/texlive/2024/texmf-dist/tex/latex/hyperref/hyperref.sty
Package: hyperref 2024-01-20 v7.01h Hypertext links for LaTeX

(/usr/local/texlive/2024/texmf-dist/tex/latex/kvsetkeys/kvsetkeys.sty
Package: kvsetkeys 2022-10-05 v1.19 Key value parser (HO)
)
(/usr/local/texlive/2024/texmf-dist/tex/generic/kvdefinekeys/kvdefinekeys.sty
Package: kvdefinekeys 2019-12-19 v1.6 Define keys (HO)
)
(/usr/local/texlive/2024/texmf-dist/tex/generic/pdfescape/pdfescape.sty
Package: pdfescape 2019/12/09 v1.15 Implements pdfTeX's escape features (HO)

(/usr/local/texlive/2024/texmf-dist/tex/generic/ltxcmds/ltxcmds.sty
Package: ltxcmds 2023-12-04 v1.26 LaTeX kernel commands for general use (HO)
)
(/usr/local/texlive/2024/texmf-dist/tex/generic/pdftexcmds/pdftexcmds.sty
Package: pdftexcmds 2020-06-27 v0.33 Utility functions of pdfTeX for LuaTeX (HO
)

(/usr/local/texlive/2024/texmf-dist/tex/generic/infwarerr/infwarerr.sty
Package: infwarerr 2019/12/03 v1.5 Providing info/warning/error messages (HO)
)
Package pdftexcmds Info: \pdf@primitive is available.
Package pdftexcmds Info: \pdf@ifprimitive is available.
Package pdftexcmds Info: \pdfdraftmode found.
))
(/usr/local/texlive/2024/texmf-dist/tex/latex/hycolor/hycolor.sty
Package: hycolor 2020-01-27 v1.10 Color options for hyperref/bookmark (HO)
)
(/usr/local/texlive/2024/texmf-dist/tex/latex/auxhook/auxhook.sty
Package: auxhook 2019-12-17 v1.6 Hooks for auxiliary files (HO)
)
(/usr/local/texlive/2024/texmf-dist/tex/latex/hyperref/nameref.sty
Package: nameref 2023-11-26 v2.56 Cross-referencing by name of section

(/usr/local/texlive/2024/texmf-dist/tex/latex/refcount/refcount.sty
Package: refcount 2019/12/15 v3.6 Data extraction from label references (HO)
)
(/usr/local/texlive/2024/texmf-dist/tex/generic/gettitlestring/gettitlestring.s
ty
Package: gettitlestring 2019/12/15 v1.6 Cleanup title references (HO)
 (/usr/local/texlive/2024/texmf-dist/tex/latex/kvoptions/kvoptions.sty
Package: kvoptions 2022-06-15 v3.15 Key value format for package options (HO)
))
\c@section@level=\count268
)
(/usr/local/texlive/2024/texmf-dist/tex/latex/etoolbox/etoolbox.sty
Package: etoolbox 2020/10/05 v2.5k e-TeX tools for LaTeX (JAW)
\etb@tempcnta=\count269
)
\@linkdim=\dimen151
\Hy@linkcounter=\count270
\Hy@pagecounter=\count271

(/usr/local/texlive/2024/texmf-dist/tex/latex/hyperref/pd1enc.def
File: pd1enc.def 2024-01-20 v7.01h Hyperref: PDFDocEncoding definition (HO)
Now handling font encoding PD1 ...
... no UTF-8 mapping file for font encoding PD1
)
(/usr/local/texlive/2024/texmf-dist/tex/generic/intcalc/intcalc.sty
Package: intcalc 2019/12/15 v1.3 Expandable calculations with integers (HO)
)
\Hy@SavedSpaceFactor=\count272

(/usr/local/texlive/2024/texmf-dist/tex/latex/hyperref/puenc.def
File: puenc.def 2024-01-20 v7.01h Hyperref: PDF Unicode definition (HO)
Now handling font encoding PU ...
... no UTF-8 mapping file for font encoding PU
)
Package hyperref Info: Option `final' set `true' on input line 4062.
Package hyperref Info: Hyper figures OFF on input line 4179.
Package hyperref Info: Link nesting OFF on input line 4184.
Package hyperref Info: Hyper index ON on input line 4187.
Package hyperref Info: Plain pages OFF on input line 4194.
Package hyperref Info: Backreferencing OFF on input line 4199.
Package hyperref Info: Implicit mode ON; LaTeX internals redefined.
Package hyperref Info: Bookmarks ON on input line 4446.
\c@Hy@tempcnt=\count273

(/usr/local/texlive/2024/texmf-dist/tex/latex/url/url.sty
\Urlmuskip=\muskip16
Package: url 2013/09/16  ver 3.4  Verb mode for urls, etc.
)
LaTeX Info: Redefining \url on input line 4784.
\XeTeXLinkMargin=\dimen152

(/usr/local/texlive/2024/texmf-dist/tex/generic/bitset/bitset.sty
Package: bitset 2019/12/09 v1.3 Handle bit-vector datatype (HO)

(/usr/local/texlive/2024/texmf-dist/tex/generic/bigintcalc/bigintcalc.sty
Package: bigintcalc 2019/12/15 v1.5 Expandable calculations on big integers (HO
)
))
\Fld@menulength=\count274
\Field@Width=\dimen153
\Fld@charsize=\dimen154
Package hyperref Info: Hyper figures OFF on input line 6063.
Package hyperref Info: Link nesting OFF on input line 6068.
Package hyperref Info: Hyper index ON on input line 6071.
Package hyperref Info: backreferencing OFF on input line 6078.
Package hyperref Info: Link coloring OFF on input line 6083.
Package hyperref Info: Link coloring with OCG OFF on input line 6088.
Package hyperref Info: PDF/A mode OFF on input line 6093.

(/usr/local/texlive/2024/texmf-dist/tex/latex/base/atbegshi-ltx.sty
Package: atbegshi-ltx 2021/01/10 v1.0c Emulation of the original atbegshi
package with kernel methods
)
\Hy@abspage=\count275
\c@Item=\count276
\c@Hfootnote=\count277
)
Package hyperref Info: Driver (autodetected): hpdftex.

(/usr/local/texlive/2024/texmf-dist/tex/latex/hyperref/hpdftex.def
File: hpdftex.def 2024-01-20 v7.01h Hyperref driver for pdfTeX

(/usr/local/texlive/2024/texmf-dist/tex/latex/base/atveryend-ltx.sty
Package: atveryend-ltx 2020/08/19 v1.0a Emulation of the original atveryend pac
kage
with kernel methods
)
\Fld@listcount=\count278
\c@bookmark@seq@number=\count279

(/usr/local/texlive/2024/texmf-dist/tex/latex/rerunfilecheck/rerunfilecheck.sty
Package: rerunfilecheck 2022-07-10 v1.10 Rerun checks for auxiliary files (HO)

(/usr/local/texlive/2024/texmf-dist/tex/generic/uniquecounter/uniquecounter.sty
Package: uniquecounter 2019/12/15 v1.4 Provide unlimited unique counter (HO)
)
Package uniquecounter Info: New unique counter `rerunfilecheck' on input line 2
85.
)
\Hy@SectionHShift=\skip50
) (/usr/local/texlive/2024/texmf-dist/tex/latex/tools/afterpage.sty
Package: afterpage 2023/07/04 v1.08 After-Page Package (DPC)
\AP@output=\toks22
\AP@partial=\box53
\AP@footins=\box54
)
(/usr/local/texlive/2024/texmf-dist/tex/latex/natbib/natbib.sty
Package: natbib 2010/09/13 8.31b (PWD, AO)
\bibhang=\skip51
\bibsep=\skip52
LaTeX Info: Redefining \cite on input line 694.
\c@NAT@ctr=\count280
)
(/usr/local/texlive/2024/texmf-dist/tex/latex/setspace/setspace.sty
Package: setspace 2022/12/04 v6.7b set line spacing
)
(/usr/local/texlive/2024/texmf-dist/tex/latex/fancyhdr/fancyhdr.sty
Package: fancyhdr 2022/11/09 v4.1 Extensive control of page headers and footers

\f@nch@headwidth=\skip53
\f@nch@O@elh=\skip54
\f@nch@O@erh=\skip55
\f@nch@O@olh=\skip56
\f@nch@O@orh=\skip57
\f@nch@O@elf=\skip58
\f@nch@O@erf=\skip59
\f@nch@O@olf=\skip60
\f@nch@O@orf=\skip61
)
(/usr/local/texlive/2024/texmf-dist/tex/latex/base/inputenc.sty
Package: inputenc 2021/02/14 v1.3d Input encoding file
\inpenc@prehook=\toks23
\inpenc@posthook=\toks24
)
(/usr/local/texlive/2024/texmf-dist/tex/latex/lastpage/lastpage.sty
Package: lastpage 2023/10/14 v2.0e lastpage: 2.09 or 2e? (HMM)

(/usr/local/texlive/2024/texmf-dist/tex/latex/lastpage/lastpage2e.sty
Package: lastpage2e 2023/10/14 v2.0e Decide which 2e lastpage version to use (H
MM)

(/usr/local/texlive/2024/texmf-dist/tex/latex/lastpage/lastpagemodern.sty
Package: lastpagemodern 2023-10-14 v2.0e Refers to last page's name (HMM; JPG)
\c@lastpagecount=\count281
) 
)) (/usr/local/texlive/2024/texmf-dist/tex/latex/l3backend/l3backend-pdftex.def
File: l3backend-pdftex.def 2024-02-20 L3 backend support: PDF output (pdfTeX)
\l__color_backend_stack_int=\count282
\l__pdf_internal_box=\box55
)

LaTeX Warning: Unused global option(s):
    [12p].

No file paper.aux.
\openout1 = `paper.aux'.

LaTeX Font Info:    Checking defaults for OML/cmm/m/it on input line 42.
LaTeX Font Info:    ... okay on input line 42.
LaTeX Font Info:    Checking defaults for OMS/cmsy/m/n on input line 42.
LaTeX Font Info:    ... okay on input line 42.
LaTeX Font Info:    Checking defaults for OT1/cmr/m/n on input line 42.
LaTeX Font Info:    ... okay on input line 42.
LaTeX Font Info:    Checking defaults for T1/cmr/m/n on input line 42.
LaTeX Font Info:    ... okay on input line 42.
LaTeX Font Info:    Checking defaults for TS1/cmr/m/n on input line 42.
LaTeX Font Info:    ... okay on input line 42.
LaTeX Font Info:    Checking defaults for OMX/cmex/m/n on input line 42.
LaTeX Font Info:    ... okay on input line 42.
LaTeX Font Info:    Checking defaults for U/cmr/m/n on input line 42.
LaTeX Font Info:    ... okay on input line 42.
LaTeX Font Info:    Checking defaults for PD1/pdf/m/n on input line 42.
LaTeX Font Info:    ... okay on input line 42.
LaTeX Font Info:    Checking defaults for PU/pdf/m/n on input line 42.
LaTeX Font Info:    ... okay on input line 42.
(/usr/local/texlive/2024/texmf-dist/tex/context/base/mkii/supp-pdf.mkii
[Loading MPS to PDF converter (version 2006.09.02).]
\scratchcounter=\count283
\scratchdimen=\dimen155
\scratchbox=\box56
\nofMPsegments=\count284
\nofMParguments=\count285
\everyMPshowfont=\toks25
\MPscratchCnt=\count286
\MPscratchDim=\dimen156
\MPnumerator=\count287
\makeMPintoPDFobject=\count288
\everyMPtoPDFconversion=\toks26
) (/usr/local/texlive/2024/texmf-dist/tex/latex/epstopdf-pkg/epstopdf-base.sty
Package: epstopdf-base 2020-01-24 v2.11 Base part for package epstopdf
Package epstopdf-base Info: Redefining graphics rule for `.eps' on input line 4
85.

(/usr/local/texlive/2024/texmf-dist/tex/latex/latexconfig/epstopdf-sys.cfg
File: epstopdf-sys.cfg 2010/07/13 v1.3 Configuration of (r)epstopdf for TeX Liv
e
))
*geometry* driver: auto-detecting
*geometry* detected driver: pdftex
*geometry* verbose mode - [ preamble ] result:
* driver: pdftex
* paper: letterpaper
* layout: <same size as paper>
* layoutoffset:(h,v)=(0.0pt,0.0pt)
* modes: 
* h-part:(L,W,R)=(72.26999pt, 469.75502pt, 72.26999pt)
* v-part:(T,H,B)=(72.26999pt, 650.43001pt, 72.26999pt)
* \paperwidth=614.295pt
* \paperheight=794.96999pt
* \textwidth=469.75502pt
* \textheight=650.43001pt
* \oddsidemargin=0.0pt
* \evensidemargin=0.0pt
* \topmargin=-37.0pt
* \headheight=12.0pt
* \headsep=25.0pt
* \topskip=10.0pt
* \footskip=30.0pt
* \marginparwidth=65.0pt
* \marginparsep=11.0pt
* \columnsep=10.0pt
* \skip\footins=9.0pt plus 4.0pt minus 2.0pt
* \hoffset=0.0pt
* \voffset=0.0pt
* \mag=1000
* \@twocolumnfalse
* \@twosidefalse
* \@mparswitchfalse
* \@reversemarginfalse
* (1in=72.27pt=25.4mm, 1cm=28.453pt)

Package hyperref Info: Link coloring OFF on input line 42.
\@outlinefile=\write3
\openout3 = `paper.out'.

LaTeX Font Info:    Trying to load font information for U+msa on input line 66.

(/usr/local/texlive/2024/texmf-dist/tex/latex/amsfonts/umsa.fd
File: umsa.fd 2013/01/14 v3.01 AMS symbols A
)
LaTeX Font Info:    Trying to load font information for U+msb on input line 66.


(/usr/local/texlive/2024/texmf-dist/tex/latex/amsfonts/umsb.fd
File: umsb.fd 2013/01/14 v3.01 AMS symbols B
)

LaTeX Font Warning: Font shape `OT1/cmr/bx/sc' undefined
(Font)              using `OT1/cmr/bx/n' instead on input line 67.

[1

{/usr/local/texlive/2024/texmf-var/fonts/map/pdftex/updmap/pdftex.map}]
pdfTeX warning (ext4): destination with the same identifier (name{page.1}) has 
been already used, duplicate ignored
<to be read again> 
                   \relax 
l.90 \shipout\null
                   [1]

LaTeX Warning: Reference `LastPage' on page 1 undefined on input line 115.


pdfTeX warning (ext4): destination with the same identifier (name{page.1}) has 
been already used, duplicate ignored
<to be read again> 
                   \relax 
l.115 \newpage
               [1]

Package natbib Warning: Citation `Chatrchyan:2012xdj' on page 2 undefined on in
put line 123.


Package natbib Warning: Citation `Sirunyan:2021qkt' on page 2 undefined on inpu
t line 137.


Package natbib Warning: Citation `CMS:2018elu' on page 2 undefined on input lin
e 138.


Package natbib Warning: Citation `lumi-run3' on page 2 undefined on input line 
140.


LaTeX Warning: Reference `figure6' on page 2 undefined on input line 142.


LaTeX Warning: Reference `figureKappasUncs' on page 2 undefined on input line 1
43.

<./LHCcomplex.png, id=22, 762.85pt x 746.79pt>
File: ./LHCcomplex.png Graphic file (type png)
<use ./LHCcomplex.png>
Package pdftex.def Info: ./LHCcomplex.png  used on input line 149.
(pdftex.def)             Requested size: 281.85587pt x 275.92053pt.

Package natbib Warning: Citation `Mobs:2684277' on page 2 undefined on input li
ne 152.


Package natbib Warning: Citation `Mobs:2684277' on page 2 undefined on input li
ne 152.


LaTeX Warning: Reference `LastPage' on page 2 undefined on input line 155.

[2]
<./HLLHCLumi.png, id=36, 686.565pt x 431.6125pt>
File: ./HLLHCLumi.png Graphic file (type png)
<use ./HLLHCLumi.png>
Package pdftex.def Info: ./HLLHCLumi.png  used on input line 159.
(pdftex.def)             Requested size: 375.80544pt x 236.24825pt.


Package natbib Warning: Citation `collaborations2019report' on page 3 undefined
 on input line 162.


Package natbib Warning: Citation `collaborations2019report' on page 3 undefined
 on input line 162.

<./pg.png, id=38, 807.7678pt x 367.3725pt>
File: ./pg.png Graphic file (type png)
<use ./pg.png>
Package pdftex.def Info: ./pg.png  used on input line 169.
(pdftex.def)             Requested size: 328.82707pt x 149.55301pt.
<./higgs_couplings.png, id=39, 347.2975pt x 418.56375pt>
File: ./higgs_couplings.png Graphic file (type png)
<use ./higgs_couplings.png>
Package pdftex.def Info: ./higgs_couplings.png  used on input line 170.
(pdftex.def)             Requested size: 136.2258pt x 164.18443pt.

Package natbib Warning: Citation `Grojean:2017hsb' on page 3 undefined on input
 line 174.


Package natbib Warning: Citation `Khachatryan:2015ota' on page 3 undefined on i
nput line 174.


Package natbib Warning: Citation `Cepeda:2019klc' on page 3 undefined on input 
line 174.


Package natbib Warning: Citation `Grojean:2017hsb' on page 3 undefined on input
 line 174.


Package natbib Warning: Citation `Khachatryan:2015ota' on page 3 undefined on i
nput line 174.


Package natbib Warning: Citation `Cepeda:2019klc' on page 3 undefined on input 
line 174.


LaTeX Warning: Reference `LastPage' on page 3 undefined on input line 177.

[3 <./LHCcomplex.png (PNG copy)> <./HLLHCLumi.png>]

Package natbib Warning: Citation `Collaboration:2706512' on page 4 undefined on
 input line 184.


Package natbib Warning: Citation `Sirunyan:2021qkt' on page 4 undefined on inpu
t line 195.


Package natbib Warning: Citation `Chatrchyan:2008aa' on page 4 undefined on inp
ut line 205.


LaTeX Warning: Reference `fig:CMS' on page 4 undefined on input line 207.


LaTeX Warning: Reference `LastPage' on page 4 undefined on input line 208.

[4 <./pg.png (PNG copy)> <./higgs_couplings.png>]

LaTeX Warning: Reference `fig:pixeldet' on page 5 undefined on input line 209.


LaTeX Warning: Reference `fig:pixeldet' on page 5 undefined on input line 211.


Package natbib Warning: Citation `TrackerGroupoftheCMS:2020bgg' on page 5 undef
ined on input line 212.


LaTeX Warning: Reference `fig:bunchcrossing' on page 5 undefined on input line 
214.


Package natbib Warning: Citation `Sirunyan:2021qkt' on page 5 undefined on inpu
t line 216.


Package natbib Warning: Citation `CMS:2018' on page 5 undefined on input line 2
19.


LaTeX Warning: Reference `vdMSketch' on page 5 undefined on input line 219.


LaTeX Warning: Reference `sigmavis_eq' on page 5 undefined on input line 220.


Package natbib Warning: Citation `CMS:2018' on page 5 undefined on input line 2
27.


LaTeX Warning: Reference `fig:tepx' on page 5 undefined on input line 230.


Package natbib Warning: Citation `Klein:2017nke' on page 5 undefined on input l
ine 230.

<./cms12.png, id=57, 734.745pt x 511.9125pt>
File: ./cms12.png Graphic file (type png)
<use ./cms12.png>
Package pdftex.def Info: ./cms12.png  used on input line 239.
(pdftex.def)             Requested size: 305.33789pt x 212.73656pt.

Package natbib Warning: Citation `Chatrchyan:2008aa' on page 5 undefined on inp
ut line 240.


Package natbib Warning: Citation `Chatrchyan:2008aa' on page 5 undefined on inp
ut line 240.


LaTeX Warning: Reference `LastPage' on page 5 undefined on input line 243.

[5]
<./PixelDetectorPhase1.png, id=65, 610.28pt x 184.69pt>
File: ./PixelDetectorPhase1.png Graphic file (type png)
<use ./PixelDetectorPhase1.png>
Package pdftex.def Info: ./PixelDetectorPhase1.png  used on input line 247.
(pdftex.def)             Requested size: 328.82707pt x 99.51692pt.
<./PixelSensor.png, id=66, 494.84875pt x 373.395pt>
File: ./PixelSensor.png Graphic file (type png)
<use ./PixelSensor.png>
Package pdftex.def Info: ./PixelSensor.png  used on input line 248.
(pdftex.def)             Requested size: 126.83586pt x 95.7016pt.


Package natbib Warning: Citation `TrackerGroupoftheCMS:2020bgg' on page 6 undef
ined on input line 254.


Package natbib Warning: Citation `TrackerGroupoftheCMS:2020bgg' on page 6 undef
ined on input line 254.

<./bunchcrossing.jpg, id=67, 433.62pt x 244.66406pt>
File: ./bunchcrossing.jpg Graphic file (type jpg)
<use ./bunchcrossing.jpg>
Package pdftex.def Info: ./bunchcrossing.jpg  used on input line 260.
(pdftex.def)             Requested size: 225.4804pt x 127.22603pt.
<./vectorhit1.jpg, id=68, 365.86688pt x 366.61969pt>
File: ./vectorhit1.jpg Graphic file (type jpg)
<use ./vectorhit1.jpg>
Package pdftex.def Info: ./vectorhit1.jpg  used on input line 261.
(pdftex.def)             Requested size: 197.29623pt x 197.70316pt.

Package natbib Warning: Citation `deMaria:2008zzb' on page 6 undefined on input
 line 265.


Package natbib Warning: Citation `Thomsom' on page 6 undefined on input line 26
5.


Package natbib Warning: Citation `deMaria:2008zzb' on page 6 undefined on input
 line 265.


Package natbib Warning: Citation `Thomsom' on page 6 undefined on input line 26
5.


LaTeX Warning: Reference `LastPage' on page 6 undefined on input line 268.

[6 <./cms12.png> <./PixelDetectorPhase1.png> <./PixelSensor.png>]
<./vdm_sketch.png, id=78, 736.7525pt x 523.9575pt>
File: ./vdm_sketch.png Graphic file (type png)
<use ./vdm_sketch.png>
Package pdftex.def Info: ./vdm_sketch.png  used on input line 272.
(pdftex.def)             Requested size: 328.82707pt x 233.85191pt.


Package natbib Warning: Citation `vdMSketch' on page 7 undefined on input line 
276.


Package natbib Warning: Citation `vdMSketch' on page 7 undefined on input line 
276.

<./TEPX_rz.pdf, id=79, 569.12625pt x 204.765pt>
File: ./TEPX_rz.pdf Graphic file (type pdf)
<use ./TEPX_rz.pdf>
Package pdftex.def Info: ./TEPX_rz.pdf  used on input line 282.
(pdftex.def)             Requested size: 328.82707pt x 118.31384pt.
<./TEPX_rphi.pdf, id=80, 569.12625pt x 570.13pt>
File: ./TEPX_rphi.pdf Graphic file (type pdf)
<use ./TEPX_rphi.pdf>
Package pdftex.def Info: ./TEPX_rphi.pdf  used on input line 283.
(pdftex.def)             Requested size: 126.83586pt x 127.05579pt.

Package natbib Warning: Citation `Klein:2017nke' on page 7 undefined on input l
ine 287.


Package natbib Warning: Citation `Klein:2017nke' on page 7 undefined on input l
ine 287.


LaTeX Warning: Reference `LastPage' on page 7 undefined on input line 290.

[7 <./bunchcrossing.jpg> <./vectorhit1.jpg> <./vdm_sketch.png (PNG copy)>]

LaTeX Warning: Reference `LastPage' on page 8 undefined on input line 315.

[8{/usr/local/texlive/2024/texmf-dist/fonts/enc/dvips/cm-super/cm-super-ts1.enc
} <./TEPX_rz.pdf, page is rotated 90 degrees> <./TEPX_rphi.pdf>]
<./calendario.pdf, id=180, 614.295pt x 542.025pt>
File: ./calendario.pdf Graphic file (type pdf)
<use ./calendario.pdf>
Package pdftex.def Info: ./calendario.pdf  used on input line 334.
(pdftex.def)             Requested size: 469.75502pt x 414.49063pt.


LaTeX Warning: Reference `LastPage' on page 9 undefined on input line 338.

[9]

LaTeX Warning: Reference `LastPage' on page 10 undefined on input line 387.

[10 <./calendario.pdf>]
No file paper.bbl.

Package natbib Warning: There were undefined citations.


enddocument/afterlastpage: lastpage setting LastPage.
(./paper.aux)
 ***********
LaTeX2e <2023-11-01> patch level 1
L3 programming layer <2024-02-20>
 ***********


LaTeX Font Warning: Some font shapes were not available, defaults substituted.


LaTeX Warning: There were undefined references.


LaTeX Warning: Label(s) may have changed. Rerun to get cross-references right.


Package rerunfilecheck Warning: File `paper.out' has changed.
(rerunfilecheck)                Rerun to get outlines right
(rerunfilecheck)                or use package `bookmark'.

Package rerunfilecheck Info: Checksums for `paper.out':
(rerunfilecheck)             Before: <no file>
(rerunfilecheck)             After:  8BB7A1AEEA7E510B50D66B49E6D4D474;924.

Package lastpage Warning: Rerun to get the references right on input line 392.

 ) 
Here is how much of TeX's memory you used:
 10323 strings out of 474116
 159277 string characters out of 5743682
 1937187 words of memory out of 5000000
 32525 multiletter control sequences out of 15000+600000
 565730 words of font info for 65 fonts, out of 8000000 for 9000
 1141 hyphenation exceptions out of 8191
 75i,12n,79p,603b,473s stack positions out of 10000i,1000n,20000p,200000b,200000s

pdfTeX warning (dest): name{Hfootnote.1} has been referenced but does not exist
, replaced by a fixed one

</usr/local/texlive/2024/texmf-dist/fonts/type1/public/amsfonts/cm/cmbx10.pfb><
/usr/local/texlive/2024/texmf-dist/fonts/type1/public/amsfonts/cm/cmbx12.pfb></
usr/local/texlive/2024/texmf-dist/fonts/type1/public/amsfonts/cm/cmbxti10.pfb><
/usr/local/texlive/2024/texmf-dist/fonts/type1/public/amsfonts/cm/cmcsc10.pfb><
/usr/local/texlive/2024/texmf-dist/fonts/type1/public/amsfonts/cm/cmmi10.pfb></
usr/local/texlive/2024/texmf-dist/fonts/type1/public/amsfonts/cm/cmmi7.pfb></us
r/local/texlive/2024/texmf-dist/fonts/type1/public/amsfonts/cm/cmr10.pfb></usr/
local/texlive/2024/texmf-dist/fonts/type1/public/amsfonts/cm/cmr12.pfb></usr/lo
cal/texlive/2024/texmf-dist/fonts/type1/public/amsfonts/cm/cmr6.pfb></usr/local
/texlive/2024/texmf-dist/fonts/type1/public/amsfonts/cm/cmr7.pfb></usr/local/te
xlive/2024/texmf-dist/fonts/type1/public/amsfonts/cm/cmr8.pfb></usr/local/texli
ve/2024/texmf-dist/fonts/type1/public/amsfonts/cm/cmsy10.pfb></usr/local/texliv
e/2024/texmf-dist/fonts/type1/public/amsfonts/cm/cmsy6.pfb></usr/local/texlive/
2024/texmf-dist/fonts/type1/public/amsfonts/cm/cmsy7.pfb></usr/local/texlive/20
24/texmf-dist/fonts/type1/public/cm-super/sfrm1000.pfb>
Output written on paper.pdf (12 pages, 1391808 bytes).
PDF statistics:
 275 PDF objects out of 1000 (max. 8388607)
 159 compressed objects within 2 object streams
 30 named destinations out of 1000 (max. 500000)
 66 words of extra memory for PDF output out of 10000 (max. 10000000)

